Warning[205] C:\USERS\GUSTA\ONEDRIVE\ESCRITORIO\PROYECTOS_MPLAB\MOTOR_PUENTEH\MOTOR_PUENTEH.ASM 1 : Found directive in column 1. (list)
Warning[205] C:\USERS\GUSTA\ONEDRIVE\ESCRITORIO\PROYECTOS_MPLAB\MOTOR_PUENTEH\MOTOR_PUENTEH.ASM 9 : Found directive in column 1. (ORG)
Warning[205] C:\USERS\GUSTA\ONEDRIVE\ESCRITORIO\PROYECTOS_MPLAB\MOTOR_PUENTEH\MOTOR_PUENTEH.ASM 10 : Found directive in column 1. (CBLOCK)
Warning[205] C:\USERS\GUSTA\ONEDRIVE\ESCRITORIO\PROYECTOS_MPLAB\MOTOR_PUENTEH\MOTOR_PUENTEH.ASM 12 : Found directive in column 1. (ENDC)
Warning[203] C:\USERS\GUSTA\ONEDRIVE\ESCRITORIO\PROYECTOS_MPLAB\MOTOR_PUENTEH\MOTOR_PUENTEH.ASM 13 : Found opcode in column 1. (NOP)
Warning[203] C:\USERS\GUSTA\ONEDRIVE\ESCRITORIO\PROYECTOS_MPLAB\MOTOR_PUENTEH\MOTOR_PUENTEH.ASM 14 : Found opcode in column 1. (GOTO)
Message[302] C:\USERS\GUSTA\ONEDRIVE\ESCRITORIO\PROYECTOS_MPLAB\MOTOR_PUENTEH\MOTOR_PUENTEH.ASM 21 : Register in operand not in bank 0.  Ensure that bank bits are correct.
Message[302] C:\USERS\GUSTA\ONEDRIVE\ESCRITORIO\PROYECTOS_MPLAB\MOTOR_PUENTEH\MOTOR_PUENTEH.ASM 23 : Register in operand not in bank 0.  Ensure that bank bits are correct.
Message[302] C:\USERS\GUSTA\ONEDRIVE\ESCRITORIO\PROYECTOS_MPLAB\MOTOR_PUENTEH\MOTOR_PUENTEH.ASM 25 : Register in operand not in bank 0.  Ensure that bank bits are correct.
Message[302] C:\USERS\GUSTA\ONEDRIVE\ESCRITORIO\PROYECTOS_MPLAB\MOTOR_PUENTEH\MOTOR_PUENTEH.ASM 27 : Register in operand not in bank 0.  Ensure that bank bits are correct.
Message[302] C:\USERS\GUSTA\ONEDRIVE\ESCRITORIO\PROYECTOS_MPLAB\MOTOR_PUENTEH\MOTOR_PUENTEH.ASM 32 : Register in operand not in bank 0.  Ensure that bank bits are correct.
Message[302] C:\USERS\GUSTA\ONEDRIVE\ESCRITORIO\PROYECTOS_MPLAB\MOTOR_PUENTEH\MOTOR_PUENTEH.ASM 33 : Register in operand not in bank 0.  Ensure that bank bits are correct.
Warning[202] C:\USERS\GUSTA\ONEDRIVE\ESCRITORIO\PROYECTOS_MPLAB\MOTOR_PUENTEH\MOTOR_PUENTEH.ASM 72 : Argument out of range.  Least significant bits used.
Warning[202] C:\USERS\GUSTA\ONEDRIVE\ESCRITORIO\PROYECTOS_MPLAB\MOTOR_PUENTEH\MOTOR_PUENTEH.ASM 99 : Argument out of range.  Least significant bits used.
Error[116]   C:\USERS\GUSTA\ONEDRIVE\ESCRITORIO\PROYECTOS_MPLAB\MOTOR_PUENTEH\MOTOR_PUENTEH.ASM 112 : Address label duplicated or different in second pass (CONTADOR)
Warning[202] C:\USERS\GUSTA\ONEDRIVE\ESCRITORIO\PROYECTOS_MPLAB\MOTOR_PUENTEH\MOTOR_PUENTEH.ASM 127 : Argument out of range.  Least significant bits used.
Error[116]   C:\USERS\GUSTA\ONEDRIVE\ESCRITORIO\PROYECTOS_MPLAB\MOTOR_PUENTEH\MOTOR_PUENTEH.ASM 140 : Address label duplicated or different in second pass (CONTADOR)
Warning[202] C:\USERS\GUSTA\ONEDRIVE\ESCRITORIO\PROYECTOS_MPLAB\MOTOR_PUENTEH\MOTOR_PUENTEH.ASM 153 : Argument out of range.  Least significant bits used.
Error[113]   C:\USERS\GUSTA\ONEDRIVE\ESCRITORIO\PROYECTOS_MPLAB\MOTOR_PUENTEH\MOTOR_PUENTEH.ASM 154 : Symbol not previously defined (M3IZQ)
Error[116]   C:\USERS\GUSTA\ONEDRIVE\ESCRITORIO\PROYECTOS_MPLAB\MOTOR_PUENTEH\MOTOR_PUENTEH.ASM 157 : Address label duplicated or different in second pass (PRINT_M3IZQ)
Error[113]   C:\USERS\GUSTA\ONEDRIVE\ESCRITORIO\PROYECTOS_MPLAB\MOTOR_PUENTEH\MOTOR_PUENTEH.ASM 159 : Symbol not previously defined (M3IZQ2)
Error[116]   C:\USERS\GUSTA\ONEDRIVE\ESCRITORIO\PROYECTOS_MPLAB\MOTOR_PUENTEH\MOTOR_PUENTEH.ASM 166 : Address label duplicated or different in second pass (CONTADOR)
