MPASM  5.50                 MOTOR_PUENTEH.ASM   4-11-2021  20:18:55         PAGE  1


LOC  OBJECT CODE     LINE SOURCE TEXT
  VALUE

Warning[205]: Found directive in column 1. (list)
                      00001 list            p=16f887        ; list directive to define processor
                      00002 #include        <p16f887.inc>   ; processor specific variable definitions
                      00001         LIST
                      00002 
                      00003 ;==========================================================================
                      00004 ;  MPASM PIC16F887 processor include
                      00005 ; 
                      00006 ;  (c) Copyright 1999-2013 Microchip Technology, All rights reserved
                      00007 ;==========================================================================
                      00008 
                      00809         LIST
                      00003 
                      00004 
2007   28E4           00005         __CONFIG    _CONFIG1, _LVP_OFF & _FCMEN_ON & _IESO_OFF & _BOR_OFF & _CPD_OFF & _CP_OFF & _MCLRE_
                            ON & _PWRTE_ON & _WDT_OFF & _INTRC_OSC_NOCLKOUT
2008   3EFF           00006         __CONFIG    _CONFIG2, _WRT_OFF & _BOR21V
                      00007 
                      00008 
Warning[205]: Found directive in column 1. (ORG)
0000                  00009 ORG 0x000 ; posición 0
Warning[205]: Found directive in column 1. (CBLOCK)
                      00010 CBLOCK 0X20
  00000020            00011         CounterA, CounterB, CounterC, Aux, Contador, Co
Warning[205]: Found directive in column 1. (ENDC)
                      00012 ENDC
Warning[203]: Found opcode in column 1. (NOP)
0000   0000           00013 NOP
Warning[203]: Found opcode in column 1. (GOTO)
0001   2802           00014 GOTO PUERTOS ; Comienzo del programa
                      00015 
0002                  00016 PUERTOS:
                      00017 ; SE ACCEDE AL BANCO 1 PARA USAR LOS TRIS
0002   1683           00018         BSF                     STATUS, RP0 
                      00019 ; SE CONFIGURAN LOS PUERTOS DE ENTRADAS Y SALIDAS
0003   30FF           00020         MOVLW           0XFF                                    ;W = 11111111
Message[302]: Register in operand not in bank 0.  Ensure that bank bits are correct.
0004   0085           00021         MOVWF           TRISA                           ;PUERTO A COMO ENTRADA
0005   3000           00022         MOVLW           0X00                            ;W=00000000
Message[302]: Register in operand not in bank 0.  Ensure that bank bits are correct.
0006   0086           00023         MOVWF           TRISB                           ;PUERTO B COMO SALIDA
0007   3000           00024         MOVLW           0X00                            ;W=00000000
Message[302]: Register in operand not in bank 0.  Ensure that bank bits are correct.
0008   0087           00025         MOVWF           TRISC                           ; PUERTO C COMO SALIDA
0009   3000           00026         MOVLW           0X00                            ;W=00000000
Message[302]: Register in operand not in bank 0.  Ensure that bank bits are correct.
000A   0088           00027         MOVWF           TRISD                           ; PUERTO D COMO SALIDA
                      00028 
                      00029 ;SE ACCEDE AL BANCO 3 PARA LOS ANSEL, ANSELH
000B   1703           00030         BSF                     STATUS, RP1
                      00031 ;SE LIMPIAN (coloca 0's)LOS REGISTROS ANSEL, ANSELH PARA E/S DIGITAL
Message[302]: Register in operand not in bank 0.  Ensure that bank bits are correct.
000C   0188           00032         CLRF            ANSEL
MPASM  5.50                 MOTOR_PUENTEH.ASM   4-11-2021  20:18:55         PAGE  2


LOC  OBJECT CODE     LINE SOURCE TEXT
  VALUE

Message[302]: Register in operand not in bank 0.  Ensure that bank bits are correct.
000D   0189           00033         CLRF            ANSELH
                      00034 
                      00035 ;SE ACCEDE AL BANCO 0 PARA LOS PUERTOS
000E   1303           00036         BCF                     STATUS, RP1
000F   1283           00037         BCF                     STATUS, RP0
                      00038 ;SE COLOCA EN CEROS LOS PUERTOS
0010   0186           00039         CLRF            PORTB
0011   0185           00040         CLRF            PORTA
0012   0187           00041         CLRF            PORTC
0013   0188           00042         CLRF                    PORTD
                      00043         ;BCF            STATUS,C
                      00044 
0014                  00045 INICIO:
0014   1C05           00046         BTFSS           PORTA,0                 ;Está en 1
0015   281A           00047         GOTO            Cero0           ;NO
0016   2817           00048         GOTO            Uno0            ;SI
                      00049         
                      00050 
0017                  00051 Uno0:
0017   1C85           00052         BTFSS           PORTA,1         ;Está en 1
0018   2834           00053         GOTO            SEC1            ;NO
0019   2862           00054         GOTO            SEC3            ;SI
                      00055         
                      00056 
001A                  00057 Cero0:
001A   1C85           00058         BTFSS           PORTA,1         ;Está en 1
001B   281D           00059         GOTO            SEC0            ;NO
001C   284B           00060         GOTO            SEC2            ;SI
                      00061 
                      00062         
                      00063 
                      00064 
                      00065 ; ------------------------------------------------SEC 0-------------------------------------
001D                  00066 SEC0:                                           ; M1 - DERECHA
001D   01A4           00067         CLRF            Contador
001E   01A5           00068         CLRF                    Co
                      00069 
001F                  00070 PRINT_M1DER:
001F   0824           00071         MOVF            Contador, W
Warning[202]: Argument out of range.  Least significant bits used.
0020   08A4           00072         MOVF            Contador, Co
0021   2079           00073         CALL            M1DER
0022   0086           00074         MOVWF           PORTB
0023   1C05           00075         BTFSS           PORTA,0         ; EL PUERTO ESTÁ EN 1?
0024   2826           00076         GOTO            PRINT_M1DER2x; NO
0025   2814           00077         GOTO            INICIO          ; SI
                      00078 
0026                  00079 PRINT_M1DER2x:
0026   1C85           00080         BTFSS           PORTA,1         ; EL PUERTO ESTÁ EN 1?
0027   2829           00081         GOTO            PRINT_M1DER2;NO
0028   2814           00082         GOTO            INICIO          ;SI
0029                  00083 PRINT_M1DER2:
MPASM  5.50                 MOTOR_PUENTEH.ASM   4-11-2021  20:18:55         PAGE  3


LOC  OBJECT CODE     LINE SOURCE TEXT
  VALUE

0029   0825           00084         MOVF            Co,W
002A   2085           00085         CALL            M1DER2
002B   0087           00086         MOVWF           PORTC
002C   20E1           00087         CALL            RETARDO_400ms
                      00088 
002D   0AA4           00089         INCF                    Contador, F
002E   0AA5           00090         INCF                    Co, F
                      00091 
002F                  00092 CONTADOR:
002F   300B           00093         MOVLW           .11
0030   0624           00094         XORWF           Contador, W
0031   1D03           00095         BTFSS           STATUS, Z
0032   281F           00096         GOTO            PRINT_M1DER
0033   2814           00097         GOTO            INICIO
                      00098 
                      00099 ; ------------------------------------------------SEC 1-------------------------------------
0034                  00100 SEC1:                                           ; M1 - IZQUIERDA
0034   01A4           00101         CLRF            Contador
0035   01A5           00102         CLRF                    Co
                      00103 
0036                  00104 PRINT_M1IZQ:
0036   0824           00105         MOVF            Contador, W
Warning[202]: Argument out of range.  Least significant bits used.
0037   08A4           00106         MOVF            Contador, Co
0038   2091           00107         CALL            M1IZQ
0039   0086           00108         MOVWF           PORTB
003A   1C05           00109         BTFSS           PORTA,0         ;ESTÁ EN 1?
003B   2814           00110         GOTO            INICIO          ;NO
003C   283D           00111         GOTO            PRINT_M1IZQ2x ;SI
                      00112 
003D                  00113 PRINT_M1IZQ2x:
003D   1C85           00114         BTFSS           PORTA,1         ;ESTÁ EN 1?
003E   2814           00115         GOTO            INICIO           ;NO
003F   2840           00116         GOTO            PRINT_M1IZQ2 ;SI
                      00117 
0040                  00118 PRINT_M1IZQ2:
0040   0825           00119         MOVF            Co,W
0041   209F           00120         CALL            M1IZQ2
0042   0087           00121         MOVWF           PORTC
0043   20E1           00122         CALL            RETARDO_400ms
                      00123 
0044   0AA4           00124         INCF                    Contador, F
0045   0AA5           00125         INCF                    Co, F
                      00126 
0046                  00127 CONTADOR1:
0046   300D           00128         MOVLW           .13
0047   0624           00129         XORWF           Contador, W
0048   1D03           00130         BTFSS           STATUS, Z
0049   2836           00131         GOTO            PRINT_M1IZQ
004A   2814           00132         GOTO            INICIO
                      00133 
                      00134 
                      00135 ; ------------------------------------------------SEC 2-------------------------------------
MPASM  5.50                 MOTOR_PUENTEH.ASM   4-11-2021  20:18:55         PAGE  4


LOC  OBJECT CODE     LINE SOURCE TEXT
  VALUE

004B                  00136 SEC2:                                           ; M2 - DERECHA
004B   01A4           00137         CLRF            Contador
004C   01A5           00138         CLRF                    Co
                      00139 
004D                  00140 PRINT_M2DER:
004D   0824           00141         MOVF            Contador, W
Warning[202]: Argument out of range.  Least significant bits used.
004E   08A4           00142         MOVF            Contador, Co
004F   20AD           00143         CALL            M2DER
0050   0086           00144         MOVWF           PORTB
0051   1C05           00145         BTFSS           PORTA,0                 ;ESTÁ EN 1?
0052   2854           00146         GOTO            PRINT_M2DER2x   ;NO 
0053   2814           00147         GOTO            INICIO                  ;SI
                      00148 
0054                  00149 PRINT_M2DER2x:
0054   1C85           00150         BTFSS           PORTA,1                 ;ESTÁ EN 1?
0055   2814           00151         GOTO            INICIO                  ;NO
0056   2857           00152         GOTO            PRINT_M2DER2                    ;SI     
                      00153 
0057                  00154 PRINT_M2DER2:
0057   0825           00155         MOVF            Co,W
0058   20B9           00156         CALL            M2DER2
0059   0087           00157         MOVWF           PORTC
005A   20E1           00158         CALL            RETARDO_400ms
                      00159 
005B   0AA4           00160         INCF                    Contador, F
005C   0AA5           00161         INCF                    Co, F
                      00162 
005D                  00163 CONTADOR2:
005D   300B           00164         MOVLW           .11
005E   0624           00165         XORWF           Contador, W
005F   1D03           00166         BTFSS           STATUS, Z
0060   284D           00167         GOTO            PRINT_M2DER
0061   2814           00168         GOTO            INICIO
                      00169 ; ------------------------------------------------SEC 3-------------------------------------
0062                  00170 SEC3:                                           ; M2 - IZQUIERDA
0062   01A4           00171         CLRF            Contador
0063   01A5           00172         CLRF                    Co
                      00173 
0064                  00174 PRINT_M2IZQ:
0064   0824           00175         MOVF            Contador, W
Warning[202]: Argument out of range.  Least significant bits used.
0065   08A4           00176         MOVF            Contador, Co
0066   20C5           00177         CALL            M2IZQ
0067   0086           00178         MOVWF           PORTB
                      00179 
0068                  00180 PRINT_M2IZQ2:
0068   0825           00181         MOVF            Co,W
0069   20D3           00182         CALL            M2IZQ2
006A   0087           00183         MOVWF           PORTC
006B   20E1           00184         CALL            RETARDO_400ms
                      00185 
006C   0AA4           00186         INCF                    Contador, F
MPASM  5.50                 MOTOR_PUENTEH.ASM   4-11-2021  20:18:55         PAGE  5


LOC  OBJECT CODE     LINE SOURCE TEXT
  VALUE

006D   0AA5           00187         INCF                    Co, F
006E   1C05           00188         BTFSS           PORTA,0                 ;ESTÁ EN 1?
006F   2814           00189         GOTO            INICIO                  ; NO
0070   2871           00190         GOTO            CONTADOR3x              ;SI
                      00191 
0071                  00192 CONTADOR3x:
0071   1C85           00193         BTFSS           PORTA,1                 ; ESTÁ EN 1?
0072   2814           00194         GOTO            INICIO                  ;NO
0073   285D           00195         GOTO            CONTADOR2               ;SI
                      00196 
0074                  00197 CONTADOR3:
0074   300D           00198         MOVLW           .13
0075   0624           00199         XORWF           Contador, W
0076   1D03           00200         BTFSS           STATUS, Z
0077   2864           00201         GOTO            PRINT_M2IZQ
0078   2814           00202         GOTO            INICIO
                      00203 
                      00204 ; DISPLAY M1-DERECHA
0079                  00205 M1DER:
0079   0782           00206         ADDWF           PCL, F
007A   3433           00207         RETLW           b'00110011'     ; M_1
007B   34F3           00208         RETLW           b'11110011'     ; 1_1
007C   34FF           00209         RETLW           b'11111111'     ; -_1
007D   34C0           00210         RETLW           b'11000000'     ; D_1
007E   340C           00211         RETLW           b'00001100'     ; E_1
007F   3438           00212         RETLW           b'00111000'     ; R_1
0080   340C           00213         RETLW           b'00001100'     ; E_1
0081   340C           00214         RETLW           b'00001100'     ; C_1
0082   3433           00215         RETLW           b'00110011'     ; H_1
0083   3430           00216         RETLW           b'00110000'     ; A_1
0084   34FF           00217         RETLW           b'11111111'     ; ESPACIO
                      00218 
0085                  00219 M1DER2:
0085   0782           00220         ADDWF           PCL, F
0086   34FA           00221         RETLW           b'11111010'     ; M_2
0087   34FB           00222         RETLW           b'11111011'     ; 1_2
0088   3477           00223         RETLW           b'01110111'     ; -_2
0089   34DD           00224         RETLW           b'11011101'     ; D_2
008A   347F           00225         RETLW           b'01111111'     ; E_2
008B   3467           00226         RETLW           b'01100111'     ; R_2
008C   347F           00227         RETLW           b'01111111'     ; E_2
008D   34FF           00228         RETLW           b'11111111'     ; C_2
008E   3477           00229         RETLW           b'01110111'     ; H_2
008F   3477           00230         RETLW           b'01110111'     ; A_2
0090   34FF           00231         RETLW           b'11111111'     ; ESPACIO
                      00232 
                      00233 
                      00234 ; DISPLAY M1-IZQUIERDA
0091                  00235 M1IZQ:
0091   0782           00236         ADDWF           PCL, F
0092   3433           00237         RETLW           b'00110011'     ; M_1
0093   34F3           00238         RETLW           b'11110011'     ; 1_1
0094   34FF           00239         RETLW           b'11111111'     ; -_1
MPASM  5.50                 MOTOR_PUENTEH.ASM   4-11-2021  20:18:55         PAGE  6


LOC  OBJECT CODE     LINE SOURCE TEXT
  VALUE

0095   34CC           00240         RETLW           b'11001100'     ; I_1
0096   34CC           00241         RETLW           b'11001100'     ; Z_1
0097   3400           00242         RETLW           b'00000000'     ; Q_1
0098   3403           00243         RETLW           b'00000011'     ; U_1
0099   34CC           00244         RETLW           b'11001100'     ; I_1
009A   340C           00245         RETLW           b'00001100'     ; E_1
009B   3438           00246         RETLW           b'00111000'     ; R_1
009C   34C0           00247         RETLW           b'11000000'     ; D_1
009D   3430           00248         RETLW           b'00110000'     ; A_1
009E   34FF           00249         RETLW           b'11111111'     ; ESPACIO
                      00250 
009F                  00251 M1IZQ2:
009F   0782           00252         ADDWF           PCL, F
00A0   34FA           00253         RETLW           b'11111010'     ; M_2
00A1   34FB           00254         RETLW           b'11111011'     ; 1_2
00A2   3477           00255         RETLW           b'01110111'     ; -_2
00A3   34DD           00256         RETLW           b'11011101'     ; I_2
00A4   34BB           00257         RETLW           b'10111011'     ; Z_2
00A5   34EF           00258         RETLW           b'11101111'     ; Q_2
00A6   34FF           00259         RETLW           b'11111111'     ; U_2
00A7   34DD           00260         RETLW           b'11011101'     ; I_2
00A8   347F           00261         RETLW           b'01111111'     ; E_2
00A9   3467           00262         RETLW           b'01100111'     ; R_2
00AA   34DD           00263         RETLW           b'11011101'     ; D_2
00AB   3477           00264         RETLW           b'01110111'     ; A_2
00AC   34FF           00265         RETLW           b'11111111'     ; ESPACIO
                      00266 
                      00267 
                      00268 ; DISPLAY M2-DERECHA
00AD                  00269 M2DER:
00AD   0782           00270         ADDWF           PCL, F
00AE   3433           00271         RETLW           b'00110011'     ; M_1
00AF   3488           00272         RETLW           b'10001000'     ; 2_1
00B0   34FF           00273         RETLW           b'11111111'     ; -_1
00B1   34C0           00274         RETLW           b'11000000'     ; D_1
00B2   340C           00275         RETLW           b'00001100'     ; E_1
00B3   3438           00276         RETLW           b'00111000'     ; R_1
00B4   340C           00277         RETLW           b'00001100'     ; E_1
00B5   340C           00278         RETLW           b'00001100'     ; C_1
00B6   3433           00279         RETLW           b'00110011'     ; H_1
00B7   3430           00280         RETLW           b'00110000'     ; A_1
00B8   34FF           00281         RETLW           b'11111111'     ; ESPACIO
                      00282 
00B9                  00283 M2DER2:
00B9   0782           00284         ADDWF           PCL, F
00BA   34FA           00285         RETLW           b'11111010'     ; M_2
00BB   3477           00286         RETLW           b'01110111'     ; 2_2
00BC   3477           00287         RETLW           b'01110111'     ; -_2
00BD   34DD           00288         RETLW           b'11011101'     ; D_2
00BE   347F           00289         RETLW           b'01111111'     ; E_2
00BF   3467           00290         RETLW           b'01100111'     ; R_2
00C0   347F           00291         RETLW           b'01111111'     ; E_2
00C1   34FF           00292         RETLW           b'11111111'     ; C_2
MPASM  5.50                 MOTOR_PUENTEH.ASM   4-11-2021  20:18:55         PAGE  7


LOC  OBJECT CODE     LINE SOURCE TEXT
  VALUE

00C2   3477           00293         RETLW           b'01110111'     ; H_2
00C3   3477           00294         RETLW           b'01110111'     ; A_2
00C4   34FF           00295         RETLW           b'11111111'     ; ESPACIO
                      00296         
                      00297 
                      00298 ; DISPLAY M2-IZQUIERDA
00C5                  00299 M2IZQ:
00C5   0782           00300         ADDWF           PCL, F
00C6   3433           00301         RETLW           b'00110011'     ; M_1
00C7   3488           00302         RETLW           b'10001000'     ; 2_1
00C8   34FF           00303         RETLW           b'11111111'     ; -_1
00C9   34CC           00304         RETLW           b'11001100'     ; I_1
00CA   34CC           00305         RETLW           b'11001100'     ; Z_1
00CB   3400           00306         RETLW           b'00000000'     ; Q_1
00CC   3403           00307         RETLW           b'00000011'     ; U_1
00CD   34CC           00308         RETLW           b'11001100'     ; I_1
00CE   340C           00309         RETLW           b'00001100'     ; E_1
00CF   3438           00310         RETLW           b'00111000'     ; R_1
00D0   34C0           00311         RETLW           b'11000000'     ; D_1
00D1   3430           00312         RETLW           b'00110000'     ; A_1
00D2   34FF           00313         RETLW           b'11111111'     ; ESPACIO
                      00314 
00D3                  00315 M2IZQ2:
00D3   0782           00316         ADDWF           PCL, F
00D4   34FA           00317         RETLW           b'11111010'     ; M_2
00D5   3477           00318         RETLW           b'01110111'     ; 2_2
00D6   3477           00319         RETLW           b'01110111'     ; -_2
00D7   34DD           00320         RETLW           b'11011101'     ; I_2
00D8   34BB           00321         RETLW           b'10111011'     ; Z_2
00D9   34EF           00322         RETLW           b'11101111'     ; Q_2
00DA   34FF           00323         RETLW           b'11111111'     ; U_2
00DB   34DD           00324         RETLW           b'11011101'     ; I_2
00DC   347F           00325         RETLW           b'01111111'     ; E_2
00DD   3467           00326         RETLW           b'01100111'     ; R_2
00DE   34DD           00327         RETLW           b'11011101'     ; D_2
00DF   3477           00328         RETLW           b'01110111'     ; A_2
00E0   34FF           00329         RETLW           b'11111111'     ; ESPACIO
                      00330 
                      00331 
                      00332 
                      00333 
                      00334 ; -----------------------------------------------RETARDO---------------------------------
00E1                  00335 RETARDO_400ms:
00E1   3003           00336                 movlw   D'3'
00E2   00A2           00337                 movwf   CounterC
00E3   3008           00338                 movlw   D'8'
00E4   00A1           00339                 movwf   CounterB
00E5   3076           00340                 movlw   D'118'
00E6   00A0           00341                 movwf   CounterA
00E7   0BA0           00342 loop            decfsz  CounterA,1
00E8   28E7           00343                 goto    loop
00E9   0BA1           00344                 decfsz  CounterB,1
00EA   28E7           00345                 goto    loop
MPASM  5.50                 MOTOR_PUENTEH.ASM   4-11-2021  20:18:55         PAGE  8


LOC  OBJECT CODE     LINE SOURCE TEXT
  VALUE

00EB   0BA2           00346                 decfsz  CounterC,1
00EC   28E7           00347                 goto    loop
00ED   3400           00348                 retlw   0
00EE   0008           00349                 RETURN
                      00350         END                      
MPASM  5.50                 MOTOR_PUENTEH.ASM   4-11-2021  20:18:55         PAGE  9


SYMBOL TABLE
  LABEL                             VALUE 

ABDEN                             00000000
ABDOVF                            00000007
ACKDT                             00000005
ACKEN                             00000004
ACKSTAT                           00000006
ADCON0                            0000001F
ADCON1                            0000009F
ADCS0                             00000006
ADCS1                             00000007
ADDEN                             00000003
ADFM                              00000007
ADIE                              00000006
ADIF                              00000006
ADON                              00000000
ADRESH                            0000001E
ADRESL                            0000009E
ANS0                              00000000
ANS1                              00000001
ANS10                             00000002
ANS11                             00000003
ANS12                             00000004
ANS13                             00000005
ANS2                              00000002
ANS3                              00000003
ANS4                              00000004
ANS5                              00000005
ANS6                              00000006
ANS7                              00000007
ANS8                              00000000
ANS9                              00000001
ANSEL                             00000188
ANSELH                            00000189
Aux                               00000023
BAUDCTL                           00000187
BCLIE                             00000003
BCLIF                             00000003
BF                                00000000
BRG0                              00000000
BRG1                              00000001
BRG10                             00000002
BRG11                             00000003
BRG12                             00000004
BRG13                             00000005
BRG14                             00000006
BRG15                             00000007
BRG16                             00000003
BRG2                              00000002
BRG3                              00000003
BRG4                              00000004
BRG5                              00000005
BRG6                              00000006
BRG7                              00000007
BRG8                              00000000
MPASM  5.50                 MOTOR_PUENTEH.ASM   4-11-2021  20:18:55         PAGE 10


SYMBOL TABLE
  LABEL                             VALUE 

BRG9                              00000001
BRGH                              00000002
C                                 00000000
C1CH0                             00000000
C1CH1                             00000001
C1IE                              00000005
C1IF                              00000005
C1OE                              00000005
C1ON                              00000007
C1OUT                             00000006
C1POL                             00000004
C1R                               00000002
C1RSEL                            00000005
C1SEN                             00000005
C2CH0                             00000000
C2CH1                             00000001
C2IE                              00000006
C2IF                              00000006
C2OE                              00000005
C2ON                              00000007
C2OUT                             00000006
C2POL                             00000004
C2R                               00000002
C2REN                             00000004
C2RSEL                            00000004
C2SYNC                            00000000
CCP1CON                           00000017
CCP1IE                            00000002
CCP1IF                            00000002
CCP1M0                            00000000
CCP1M1                            00000001
CCP1M2                            00000002
CCP1M3                            00000003
CCP1X                             00000005
CCP1Y                             00000004
CCP2CON                           0000001D
CCP2IE                            00000000
CCP2IF                            00000000
CCP2M0                            00000000
CCP2M1                            00000001
CCP2M2                            00000002
CCP2M3                            00000003
CCP2X                             00000005
CCP2Y                             00000004
CCPR1                             00000015
CCPR1H                            00000016
CCPR1L                            00000015
CCPR2                             0000001B
CCPR2H                            0000001C
CCPR2L                            0000001B
CHS0                              00000002
CHS1                              00000003
CHS2                              00000004
MPASM  5.50                 MOTOR_PUENTEH.ASM   4-11-2021  20:18:55         PAGE 11


SYMBOL TABLE
  LABEL                             VALUE 

CHS3                              00000005
CKE                               00000006
CKP                               00000004
CM1CON0                           00000107
CM2CON0                           00000108
CM2CON1                           00000109
CONTADOR                          0000002F
CONTADOR1                         00000046
CONTADOR2                         0000005D
CONTADOR3                         00000074
CONTADOR3x                        00000071
CREN                              00000004
CSRC                              00000007
Cero0                             0000001A
Co                                00000025
Contador                          00000024
CounterA                          00000020
CounterB                          00000021
CounterC                          00000022
D                                 00000005
DATA_ADDRESS                      00000005
DC                                00000001
DC1B0                             00000004
DC1B1                             00000005
DC2B0                             00000004
DC2B1                             00000005
D_A                               00000005
D_NOT_A                           00000005
ECCPAS                            0000009C
ECCPAS0                           00000004
ECCPAS1                           00000005
ECCPAS2                           00000006
ECCPASE                           00000007
EEADR                             0000010D
EEADRH                            0000010F
EECON1                            0000018C
EECON2                            0000018D
EEDAT                             0000010C
EEDATA                            0000010C
EEDATH                            0000010E
EEIE                              00000004
EEIF                              00000004
EEPGD                             00000007
F                                 00000001
FERR                              00000002
FSR                               00000004
FVREN                             00000000
GCEN                              00000007
GIE                               00000007
GO                                00000001
GO_DONE                           00000001
GO_NOT_DONE                       00000001
HTS                               00000002
MPASM  5.50                 MOTOR_PUENTEH.ASM   4-11-2021  20:18:55         PAGE 12


SYMBOL TABLE
  LABEL                             VALUE 

I2C_DATA                          00000005
I2C_READ                          00000002
I2C_START                         00000003
I2C_STOP                          00000004
INDF                              00000000
INICIO                            00000014
INTCON                            0000000B
INTE                              00000004
INTEDG                            00000006
INTF                              00000001
IOCB                              00000096
IOCB0                             00000000
IOCB1                             00000001
IOCB2                             00000002
IOCB3                             00000003
IOCB4                             00000004
IOCB5                             00000005
IOCB6                             00000006
IOCB7                             00000007
IRCF0                             00000004
IRCF1                             00000005
IRCF2                             00000006
IRP                               00000007
LTS                               00000001
M1DER                             00000079
M1DER2                            00000085
M1IZQ                             00000091
M1IZQ2                            0000009F
M2DER                             000000AD
M2DER2                            000000B9
M2IZQ                             000000C5
M2IZQ2                            000000D3
MC1OUT                            00000007
MC2OUT                            00000006
MSK                               00000093
MSK0                              00000000
MSK1                              00000001
MSK2                              00000002
MSK3                              00000003
MSK4                              00000004
MSK5                              00000005
MSK6                              00000006
MSK7                              00000007
NOT_A                             00000005
NOT_ADDRESS                       00000005
NOT_BO                            00000000
NOT_BOR                           00000000
NOT_DONE                          00000001
NOT_PD                            00000003
NOT_POR                           00000001
NOT_RBPU                          00000007
NOT_RC8                           00000006
NOT_T1SYNC                        00000002
MPASM  5.50                 MOTOR_PUENTEH.ASM   4-11-2021  20:18:55         PAGE 13


SYMBOL TABLE
  LABEL                             VALUE 

NOT_TO                            00000004
NOT_TX8                           00000006
NOT_W                             00000002
NOT_WRITE                         00000002
OERR                              00000001
OPTION_REG                        00000081
OSCCON                            0000008F
OSCTUNE                           00000090
OSFIE                             00000007
OSFIF                             00000007
OSTS                              00000003
P                                 00000004
P1M0                              00000006
P1M1                              00000007
PCL                               00000002
PCLATH                            0000000A
PCON                              0000008E
PDC0                              00000000
PDC1                              00000001
PDC2                              00000002
PDC3                              00000003
PDC4                              00000004
PDC5                              00000005
PDC6                              00000006
PEIE                              00000006
PEN                               00000002
PIE1                              0000008C
PIE2                              0000008D
PIR1                              0000000C
PIR2                              0000000D
PORTA                             00000005
PORTB                             00000006
PORTC                             00000007
PORTD                             00000008
PORTE                             00000009
PR2                               00000092
PRINT_M1DER                       0000001F
PRINT_M1DER2                      00000029
PRINT_M1DER2x                     00000026
PRINT_M1IZQ                       00000036
PRINT_M1IZQ2                      00000040
PRINT_M1IZQ2x                     0000003D
PRINT_M2DER                       0000004D
PRINT_M2DER2                      00000057
PRINT_M2DER2x                     00000054
PRINT_M2IZQ                       00000064
PRINT_M2IZQ2                      00000068
PRSEN                             00000007
PS0                               00000000
PS1                               00000001
PS2                               00000002
PSA                               00000003
PSSAC0                            00000002
MPASM  5.50                 MOTOR_PUENTEH.ASM   4-11-2021  20:18:55         PAGE 14


SYMBOL TABLE
  LABEL                             VALUE 

PSSAC1                            00000003
PSSBD0                            00000000
PSSBD1                            00000001
PSTRCON                           0000009D
PUERTOS                           00000002
PULSR                             00000002
PULSS                             00000003
PWM1CON                           0000009B
R                                 00000002
RA0                               00000000
RA1                               00000001
RA2                               00000002
RA3                               00000003
RA4                               00000004
RA5                               00000005
RA6                               00000006
RA7                               00000007
RB0                               00000000
RB1                               00000001
RB2                               00000002
RB3                               00000003
RB4                               00000004
RB5                               00000005
RB6                               00000006
RB7                               00000007
RBIE                              00000003
RBIF                              00000000
RC0                               00000000
RC1                               00000001
RC2                               00000002
RC3                               00000003
RC4                               00000004
RC5                               00000005
RC6                               00000006
RC7                               00000007
RC8_9                             00000006
RC9                               00000006
RCD8                              00000000
RCEN                              00000003
RCIDL                             00000006
RCIE                              00000005
RCIF                              00000005
RCREG                             0000001A
RCSTA                             00000018
RD                                00000000
RD0                               00000000
RD1                               00000001
RD2                               00000002
RD3                               00000003
RD4                               00000004
RD5                               00000005
RD6                               00000006
RD7                               00000007
MPASM  5.50                 MOTOR_PUENTEH.ASM   4-11-2021  20:18:55         PAGE 15


SYMBOL TABLE
  LABEL                             VALUE 

RE0                               00000000
RE1                               00000001
RE2                               00000002
RE3                               00000003
READ_WRITE                        00000002
RETARDO_400ms                     000000E1
RP0                               00000005
RP1                               00000006
RSEN                              00000001
RX9                               00000006
RX9D                              00000000
R_NOT_W                           00000002
R_W                               00000002
S                                 00000003
SBOREN                            00000004
SCKP                              00000004
SCS                               00000000
SEC0                              0000001D
SEC1                              00000034
SEC2                              0000004B
SEC3                              00000062
SEN                               00000000
SENDB                             00000003
SMP                               00000007
SPBRG                             00000099
SPBRGH                            0000009A
SPEN                              00000007
SR0                               00000006
SR1                               00000007
SRCON                             00000185
SREN                              00000005
SSPADD                            00000093
SSPBUF                            00000013
SSPCON                            00000014
SSPCON2                           00000091
SSPEN                             00000005
SSPIE                             00000003
SSPIF                             00000003
SSPM0                             00000000
SSPM1                             00000001
SSPM2                             00000002
SSPM3                             00000003
SSPMSK                            00000093
SSPOV                             00000006
SSPSTAT                           00000094
STATUS                            00000003
STRA                              00000000
STRB                              00000001
STRC                              00000002
STRD                              00000003
STRSYNC                           00000004
SWDTEN                            00000000
SYNC                              00000004
MPASM  5.50                 MOTOR_PUENTEH.ASM   4-11-2021  20:18:55         PAGE 16


SYMBOL TABLE
  LABEL                             VALUE 

T0CS                              00000005
T0IE                              00000005
T0IF                              00000002
T0SE                              00000004
T1CKPS0                           00000004
T1CKPS1                           00000005
T1CON                             00000010
T1GINV                            00000007
T1GIV                             00000007
T1GSS                             00000001
T1INSYNC                          00000002
T1OSCEN                           00000003
T1SYNC                            00000002
T2CKPS0                           00000000
T2CKPS1                           00000001
T2CON                             00000012
TMR0                              00000001
TMR0IE                            00000005
TMR0IF                            00000002
TMR1                              0000000E
TMR1CS                            00000001
TMR1GE                            00000006
TMR1H                             0000000F
TMR1IE                            00000000
TMR1IF                            00000000
TMR1L                             0000000E
TMR1ON                            00000000
TMR2                              00000011
TMR2IE                            00000001
TMR2IF                            00000001
TMR2ON                            00000002
TOUTPS0                           00000003
TOUTPS1                           00000004
TOUTPS2                           00000005
TOUTPS3                           00000006
TRISA                             00000085
TRISA0                            00000000
TRISA1                            00000001
TRISA2                            00000002
TRISA3                            00000003
TRISA4                            00000004
TRISA5                            00000005
TRISA6                            00000006
TRISA7                            00000007
TRISB                             00000086
TRISB0                            00000000
TRISB1                            00000001
TRISB2                            00000002
TRISB3                            00000003
TRISB4                            00000004
TRISB5                            00000005
TRISB6                            00000006
TRISB7                            00000007
MPASM  5.50                 MOTOR_PUENTEH.ASM   4-11-2021  20:18:55         PAGE 17


SYMBOL TABLE
  LABEL                             VALUE 

TRISC                             00000087
TRISC0                            00000000
TRISC1                            00000001
TRISC2                            00000002
TRISC3                            00000003
TRISC4                            00000004
TRISC5                            00000005
TRISC6                            00000006
TRISC7                            00000007
TRISD                             00000088
TRISD0                            00000000
TRISD1                            00000001
TRISD2                            00000002
TRISD3                            00000003
TRISD4                            00000004
TRISD5                            00000005
TRISD6                            00000006
TRISD7                            00000007
TRISE                             00000089
TRISE0                            00000000
TRISE1                            00000001
TRISE2                            00000002
TRISE3                            00000003
TRMT                              00000001
TUN0                              00000000
TUN1                              00000001
TUN2                              00000002
TUN3                              00000003
TUN4                              00000004
TX8_9                             00000006
TX9                               00000006
TX9D                              00000000
TXD8                              00000000
TXEN                              00000005
TXIE                              00000004
TXIF                              00000004
TXREG                             00000019
TXSTA                             00000098
UA                                00000001
ULPWUE                            00000005
ULPWUIE                           00000002
ULPWUIF                           00000002
Uno0                              00000017
VCFG0                             00000004
VCFG1                             00000005
VR0                               00000000
VR1                               00000001
VR2                               00000002
VR3                               00000003
VRCON                             00000097
VREN                              00000007
VROE                              00000006
VRR                               00000005
MPASM  5.50                 MOTOR_PUENTEH.ASM   4-11-2021  20:18:55         PAGE 18


SYMBOL TABLE
  LABEL                             VALUE 

VRSS                              00000004
W                                 00000000
WCOL                              00000007
WDTCON                            00000105
WDTPS0                            00000001
WDTPS1                            00000002
WDTPS2                            00000003
WDTPS3                            00000004
WPUB                              00000095
WPUB0                             00000000
WPUB1                             00000001
WPUB2                             00000002
WPUB3                             00000003
WPUB4                             00000004
WPUB5                             00000005
WPUB6                             00000006
WPUB7                             00000007
WR                                00000001
WREN                              00000002
WRERR                             00000003
WUE                               00000001
Z                                 00000002
_BOR21V                           00003EFF
_BOR40V                           00003FFF
_BOR4V_BOR21V                     00003EFF
_BOR4V_BOR40V                     00003FFF
_BOREN_NSLEEP                     00003EFF
_BOREN_OFF                        00003CFF
_BOREN_ON                         00003FFF
_BOREN_SBODEN                     00003DFF
_BOR_NSLEEP                       00003EFF
_BOR_OFF                          00003CFF
_BOR_ON                           00003FFF
_BOR_SBODEN                       00003DFF
_CONFIG1                          00002007
_CONFIG2                          00002008
_CPD_OFF                          00003FFF
_CPD_ON                           00003F7F
_CP_OFF                           00003FFF
_CP_ON                            00003FBF
_DEBUG_OFF                        00003FFF
_DEBUG_ON                         00001FFF
_DEVID1                           00002006
_EC_OSC                           00003FFB
_EXTRC                            00003FFF
_EXTRCIO                          00003FFE
_EXTRC_OSC_CLKOUT                 00003FFF
_EXTRC_OSC_NOCLKOUT               00003FFE
_FCMEN_OFF                        000037FF
_FCMEN_ON                         00003FFF
_FOSC_EC                          00003FFB
_FOSC_EXTRC_CLKOUT                00003FFF
_FOSC_EXTRC_NOCLKOUT              00003FFE
MPASM  5.50                 MOTOR_PUENTEH.ASM   4-11-2021  20:18:55         PAGE 19


SYMBOL TABLE
  LABEL                             VALUE 

_FOSC_HS                          00003FFA
_FOSC_INTRC_CLKOUT                00003FFD
_FOSC_INTRC_NOCLKOUT              00003FFC
_FOSC_LP                          00003FF8
_FOSC_XT                          00003FF9
_HS_OSC                           00003FFA
_IDLOC0                           00002000
_IDLOC1                           00002001
_IDLOC2                           00002002
_IDLOC3                           00002003
_IESO_OFF                         00003BFF
_IESO_ON                          00003FFF
_INTOSC                           00003FFD
_INTOSCIO                         00003FFC
_INTRC_OSC_CLKOUT                 00003FFD
_INTRC_OSC_NOCLKOUT               00003FFC
_LP_OSC                           00003FF8
_LVP_OFF                          00002FFF
_LVP_ON                           00003FFF
_MCLRE_OFF                        00003FDF
_MCLRE_ON                         00003FFF
_PWRTE_OFF                        00003FFF
_PWRTE_ON                         00003FEF
_WDTE_OFF                         00003FF7
_WDTE_ON                          00003FFF
_WDT_OFF                          00003FF7
_WDT_ON                           00003FFF
_WRT_1FOURTH                      00003BFF
_WRT_256                          00003DFF
_WRT_HALF                         000039FF
_WRT_OFF                          00003FFF
_XT_OSC                           00003FF9
__16F887                          00000001
__DEBUG                           1
loop                              000000E7


MEMORY USAGE MAP ('X' = Used,  '-' = Unused)

0000 : XXXXXXXXXXXXXXXX XXXXXXXXXXXXXXXX XXXXXXXXXXXXXXXX XXXXXXXXXXXXXXXX
0040 : XXXXXXXXXXXXXXXX XXXXXXXXXXXXXXXX XXXXXXXXXXXXXXXX XXXXXXXXXXXXXXXX
0080 : XXXXXXXXXXXXXXXX XXXXXXXXXXXXXXXX XXXXXXXXXXXXXXXX XXXXXXXXXXXXXXXX
00C0 : XXXXXXXXXXXXXXXX XXXXXXXXXXXXXXXX XXXXXXXXXXXXXXX- ----------------
2000 : -------XX------- ---------------- ---------------- ----------------

All other memory blocks unused.

Program Memory Words Used:   239
Program Memory Words Free:  7953


MPASM  5.50                 MOTOR_PUENTEH.ASM   4-11-2021  20:18:55         PAGE 20





Errors   :     0
Warnings :    10 reported,     0 suppressed
Messages :     6 reported,     0 suppressed

