MPASM  5.50                           LCD.ASM   5-7-2021  9:25:07         PAGE  1


LOC  OBJECT CODE     LINE SOURCE TEXT
  VALUE

                      00001 ;**********************************************************************
                      00002 ;   This file is a basic code template for assembly code generation   *
                      00003 ;   on the PIC16F887. This file contains the basic code               *
                      00004 ;   building blocks to build upon.                                    *
                      00005 ;                                                                     *
                      00006 ;   Refer to the MPASM User's Guide for additional information on     *
                      00007 ;   features of the assembler (Document DS33014).                     *
                      00008 ;                                                                     *
                      00009 ;   Refer to the respective PIC data sheet for additional             *
                      00010 ;   information on the instruction set.                               *
                      00011 ;                                                                     *
                      00012 ;**********************************************************************
                      00013 ;                                                                     *
                      00014 ;    Filename:      xxx.asm                                           *
                      00015 ;    Date:                                                            *
                      00016 ;    File Version:                                                    *
                      00017 ;                                                                     *
                      00018 ;    Author:                                                          *
                      00019 ;    Company:                                                         *
                      00020 ;                                                                     *
                      00021 ;                                                                     *
                      00022 ;**********************************************************************
                      00023 ;                                                                     *
                      00024 ;    Files Required: P16F887.INC                                      *
                      00025 ;                                                                     *
                      00026 ;**********************************************************************
                      00027 ;                                                                     *
                      00028 ;    Notes:                                                           *
                      00029 ;                                                                     *
                      00030 ;**********************************************************************
                      00031 
                      00032 
                      00033 
                      00034 ;**********************************************************************
Warning[205]: Found directive in column 1. (list)
                      00035 list            p=16f887        ; list directive to define processor
                      00036 #include        <p16f887.inc>   ; processor specific variable definitions
                      00001         LIST
                      00002 
                      00003 ;==========================================================================
                      00004 ;  MPASM PIC16F887 processor include
                      00005 ; 
                      00006 ;  (c) Copyright 1999-2013 Microchip Technology, All rights reserved
                      00007 ;==========================================================================
                      00008 
                      00809         LIST
                      00037 
                      00038 
2007   28E4           00039         __CONFIG    _CONFIG1, _LVP_OFF & _FCMEN_ON & _IESO_OFF & _BOR_OFF & _CPD_OFF & _CP_OFF & _MCLRE_
                            ON & _PWRTE_ON & _WDT_OFF & _INTRC_OSC_NOCLKOUT
2008   3EFF           00040         __CONFIG    _CONFIG2, _WRT_OFF & _BOR21V
                      00041 
                      00042         CBLOCK 0X20                                                     ; Direcció De Memoria Para Las V
MPASM  5.50                           LCD.ASM   5-7-2021  9:25:07         PAGE  2


LOC  OBJECT CODE     LINE SOURCE TEXT
  VALUE

                            ariables
  00000020            00043                 CounterA, CounterB, CounterC, CounterD, CounterE                        ; Variable Para 
                            El Retardo
  00000025            00044                 Cont    
                      00045         ENDC            
                      00046 
                      00047 
                      00048         #DEFINE         RS                      PORTA, 0                        ; Rs
                      00049         #DEFINE E                       PORTA, 1                        ; Enable
                      00050 
Warning[205]: Found directive in column 1. (ORG)
0000                  00051 ORG 0x000 ; posición 0
                      00052 
Warning[203]: Found opcode in column 1. (GOTO)
0000   2801           00053 GOTO CONF_PUERTOS ; Comienzo del programa
                      00054 
0001                  00055 CONF_PUERTOS:
0001   1683           00056         BSF                                     STATUS, RP0             ; RP0 = Registro 1 de status
0002   3000           00057         MOVLW                           0X00                    ; 00000000
Message[302]: Register in operand not in bank 0.  Ensure that bank bits are correct.
0003   0086           00058         MOVWF                           TRISB                   ; Puerto B Como Salida
0004   3000           00059         MOVLW                           0X00                    ; 00000000
Message[302]: Register in operand not in bank 0.  Ensure that bank bits are correct.
0005   0085           00060         MOVWF                           TRISA                   ; Puerto A como Entrada y Salida
0006   1283           00061         BCF                                     STATUS, RP0             ; RP0 = Registro Status
0007   0185           00062         CLRF                            PORTA                   ; Limpiar PORTA (Poner en 0's)
0008   0186           00063         CLRF                            PORTB                   ; Limpiar PORTB (Poner en 0's)
                      00064 
                      00065 
                      00066 ; INICIALIZACION DE LA PANTALLA LCD
0009   3038           00067         MOVLW                           H'38'                   ; Bus de datos de 8 pines 
000A   203E           00068         CALL                            CONTROL
000B   300C           00069         MOVLW                           h'0C'                           ; Enciende LCD y apaga cursor
000C   203E           00070         CALL                            CONTROL
000D   3001           00071         MOVLW                           H'01'                   ; Limpia la pantala
000E   203E           00072         CALL                            CONTROL 
                      00073 
000F                  00074 REINICIAR:
000F   01A5           00075         CLRF                            Cont
0010                  00076 VISUALIZAR_LCD:
Error[108]  : Illegal character (,)
0010   0080           00077         MOVWF                           Cont,W
0011   201D           00078         CALL                            TABLA
0012   203C           00079         CALL                            CARACTER
0013   0AA5           00080         INCF                            Cont, F
0014   301E           00081         MOVLW                           .30
0015   0625           00082         XORWF                           Cont, W 
0016   1D03           00083         BTFSS                           STATUS, Z
0017   2810           00084         GOTO                            VISUALIZAR_LCD  ; Z = 0
0018   2045           00085         CALL                            RETARDO         ; Z = 1
0019   3001           00086         MOVLW                           H'01'
001A   203E           00087         CALL                            CONTROL
001B   2045           00088         CALL                            RETARDO
MPASM  5.50                           LCD.ASM   5-7-2021  9:25:07         PAGE  3


LOC  OBJECT CODE     LINE SOURCE TEXT
  VALUE

001C   280F           00089         GOTO                            REINICIAR
                      00090 
001D                  00091 TABLA:
001D   0782           00092         ADDWF                           PCL,F
001E   3448 346F 346C 00093         DT                                      "Hola Mundo ICO Gustavo Calzada"
       3461 3420 344D 
       3475 346E 3464 
       346F 3420 3449 
       3443 344F 3420 
       3447 3475 3473 
       3474 3461 3476 
       346F 3420 3443 
       3461 346C 347A 
       3461 3464 3461 
                      00094 
003C                  00095 CARACTER:
003C   1405           00096         BSF                                     RS
003D   283F           00097         GOTO                            CARGA
003E                  00098 CONTROL:
003E   1005           00099         BCF                                     RS                              ; Decir a la LCD que le 
                            mandaremos una instrucción de control
003F                  00100 CARGA
003F   0086           00101         MOVWF                           PORTB                   ; Mostrara la literal
0040   1485           00102         BSF                                     E                               ; Habilita el enable
0041   2053           00103         CALL                            RETARDOP        
0042   1085           00104         BCF                                     E                               ; Desabilita el Enable
0043   2053           00105         CALL                            RETARDOP
0044   0008           00106         RETURN
                      00107 
                      00108 ; RETARDO 
0045                  00109 RETARDO:                                                                ; 300 ms
0045   3003           00110                 movlw   D'3'
0046   00A2           00111                 movwf   CounterC
0047   3008           00112                 movlw   D'8'
0048   00A1           00113                 movwf   CounterB
0049   3076           00114                 movlw   D'118'
004A   00A0           00115                 movwf   CounterA
004B   0BA0           00116 loop            decfsz  CounterA,1
004C   284B           00117                 goto    loop
004D   0BA1           00118                 decfsz  CounterB,1
004E   284B           00119                 goto    loop
004F   0BA2           00120                 decfsz  CounterC,1
0050   284B           00121                 goto    loop
0051   3400           00122                 retlw   0
0052   0008           00123                 RETURN
                      00124   
                      00125 
                      00126 
                      00127 ; RUTINA DE RETARDO 5ms PARA PROCESAMIENTO DE INSTRUCCIONES
                      00128 ;PIC Time Delay = 0,00500100 s with Osc = 4000000 Hz
0053                  00129 RETARDOP:
0053   3007           00130                 movlw   D'7'
0054   00A4           00131                 movwf   CounterE
MPASM  5.50                           LCD.ASM   5-7-2021  9:25:07         PAGE  4


LOC  OBJECT CODE     LINE SOURCE TEXT
  VALUE

0055   307C           00132                 movlw   D'124'
0056   00A3           00133                 movwf   CounterD
0057   0BA3           00134 loop2           decfsz  CounterD,1
0058   2857           00135                 goto    loop2
0059   0BA4           00136                 decfsz  CounterE,1
005A   2857           00137                 goto    loop2
005B   3400           00138                 retlw   0
                      00139                 END
MPASM  5.50                           LCD.ASM   5-7-2021  9:25:07         PAGE  5


SYMBOL TABLE
  LABEL                             VALUE 

ABDEN                             00000000
ABDOVF                            00000007
ACKDT                             00000005
ACKEN                             00000004
ACKSTAT                           00000006
ADCON0                            0000001F
ADCON1                            0000009F
ADCS0                             00000006
ADCS1                             00000007
ADDEN                             00000003
ADFM                              00000007
ADIE                              00000006
ADIF                              00000006
ADON                              00000000
ADRESH                            0000001E
ADRESL                            0000009E
ANS0                              00000000
ANS1                              00000001
ANS10                             00000002
ANS11                             00000003
ANS12                             00000004
ANS13                             00000005
ANS2                              00000002
ANS3                              00000003
ANS4                              00000004
ANS5                              00000005
ANS6                              00000006
ANS7                              00000007
ANS8                              00000000
ANS9                              00000001
ANSEL                             00000188
ANSELH                            00000189
BAUDCTL                           00000187
BCLIE                             00000003
BCLIF                             00000003
BF                                00000000
BRG0                              00000000
BRG1                              00000001
BRG10                             00000002
BRG11                             00000003
BRG12                             00000004
BRG13                             00000005
BRG14                             00000006
BRG15                             00000007
BRG16                             00000003
BRG2                              00000002
BRG3                              00000003
BRG4                              00000004
BRG5                              00000005
BRG6                              00000006
BRG7                              00000007
BRG8                              00000000
BRG9                              00000001
MPASM  5.50                           LCD.ASM   5-7-2021  9:25:07         PAGE  6


SYMBOL TABLE
  LABEL                             VALUE 

BRGH                              00000002
C                                 00000000
C1CH0                             00000000
C1CH1                             00000001
C1IE                              00000005
C1IF                              00000005
C1OE                              00000005
C1ON                              00000007
C1OUT                             00000006
C1POL                             00000004
C1R                               00000002
C1RSEL                            00000005
C1SEN                             00000005
C2CH0                             00000000
C2CH1                             00000001
C2IE                              00000006
C2IF                              00000006
C2OE                              00000005
C2ON                              00000007
C2OUT                             00000006
C2POL                             00000004
C2R                               00000002
C2REN                             00000004
C2RSEL                            00000004
C2SYNC                            00000000
CARACTER                          0000003C
CARGA                             0000003F
CCP1CON                           00000017
CCP1IE                            00000002
CCP1IF                            00000002
CCP1M0                            00000000
CCP1M1                            00000001
CCP1M2                            00000002
CCP1M3                            00000003
CCP1X                             00000005
CCP1Y                             00000004
CCP2CON                           0000001D
CCP2IE                            00000000
CCP2IF                            00000000
CCP2M0                            00000000
CCP2M1                            00000001
CCP2M2                            00000002
CCP2M3                            00000003
CCP2X                             00000005
CCP2Y                             00000004
CCPR1                             00000015
CCPR1H                            00000016
CCPR1L                            00000015
CCPR2                             0000001B
CCPR2H                            0000001C
CCPR2L                            0000001B
CHS0                              00000002
CHS1                              00000003
MPASM  5.50                           LCD.ASM   5-7-2021  9:25:07         PAGE  7


SYMBOL TABLE
  LABEL                             VALUE 

CHS2                              00000004
CHS3                              00000005
CKE                               00000006
CKP                               00000004
CM1CON0                           00000107
CM2CON0                           00000108
CM2CON1                           00000109
CONF_PUERTOS                      00000001
CONTROL                           0000003E
CREN                              00000004
CSRC                              00000007
Cont                              00000025
CounterA                          00000020
CounterB                          00000021
CounterC                          00000022
CounterD                          00000023
CounterE                          00000024
D                                 00000005
DATA_ADDRESS                      00000005
DC                                00000001
DC1B0                             00000004
DC1B1                             00000005
DC2B0                             00000004
DC2B1                             00000005
D_A                               00000005
D_NOT_A                           00000005
E                                 PORTA, 1
ECCPAS                            0000009C
ECCPAS0                           00000004
ECCPAS1                           00000005
ECCPAS2                           00000006
ECCPASE                           00000007
EEADR                             0000010D
EEADRH                            0000010F
EECON1                            0000018C
EECON2                            0000018D
EEDAT                             0000010C
EEDATA                            0000010C
EEDATH                            0000010E
EEIE                              00000004
EEIF                              00000004
EEPGD                             00000007
F                                 00000001
FERR                              00000002
FSR                               00000004
FVREN                             00000000
GCEN                              00000007
GIE                               00000007
GO                                00000001
GO_DONE                           00000001
GO_NOT_DONE                       00000001
HTS                               00000002
I2C_DATA                          00000005
MPASM  5.50                           LCD.ASM   5-7-2021  9:25:07         PAGE  8


SYMBOL TABLE
  LABEL                             VALUE 

I2C_READ                          00000002
I2C_START                         00000003
I2C_STOP                          00000004
INDF                              00000000
INTCON                            0000000B
INTE                              00000004
INTEDG                            00000006
INTF                              00000001
IOCB                              00000096
IOCB0                             00000000
IOCB1                             00000001
IOCB2                             00000002
IOCB3                             00000003
IOCB4                             00000004
IOCB5                             00000005
IOCB6                             00000006
IOCB7                             00000007
IRCF0                             00000004
IRCF1                             00000005
IRCF2                             00000006
IRP                               00000007
LTS                               00000001
MC1OUT                            00000007
MC2OUT                            00000006
MSK                               00000093
MSK0                              00000000
MSK1                              00000001
MSK2                              00000002
MSK3                              00000003
MSK4                              00000004
MSK5                              00000005
MSK6                              00000006
MSK7                              00000007
NOT_A                             00000005
NOT_ADDRESS                       00000005
NOT_BO                            00000000
NOT_BOR                           00000000
NOT_DONE                          00000001
NOT_PD                            00000003
NOT_POR                           00000001
NOT_RBPU                          00000007
NOT_RC8                           00000006
NOT_T1SYNC                        00000002
NOT_TO                            00000004
NOT_TX8                           00000006
NOT_W                             00000002
NOT_WRITE                         00000002
OERR                              00000001
OPTION_REG                        00000081
OSCCON                            0000008F
OSCTUNE                           00000090
OSFIE                             00000007
OSFIF                             00000007
MPASM  5.50                           LCD.ASM   5-7-2021  9:25:07         PAGE  9


SYMBOL TABLE
  LABEL                             VALUE 

OSTS                              00000003
P                                 00000004
P1M0                              00000006
P1M1                              00000007
PCL                               00000002
PCLATH                            0000000A
PCON                              0000008E
PDC0                              00000000
PDC1                              00000001
PDC2                              00000002
PDC3                              00000003
PDC4                              00000004
PDC5                              00000005
PDC6                              00000006
PEIE                              00000006
PEN                               00000002
PIE1                              0000008C
PIE2                              0000008D
PIR1                              0000000C
PIR2                              0000000D
PORTA                             00000005
PORTB                             00000006
PORTC                             00000007
PORTD                             00000008
PORTE                             00000009
PR2                               00000092
PRSEN                             00000007
PS0                               00000000
PS1                               00000001
PS2                               00000002
PSA                               00000003
PSSAC0                            00000002
PSSAC1                            00000003
PSSBD0                            00000000
PSSBD1                            00000001
PSTRCON                           0000009D
PULSR                             00000002
PULSS                             00000003
PWM1CON                           0000009B
R                                 00000002
RA0                               00000000
RA1                               00000001
RA2                               00000002
RA3                               00000003
RA4                               00000004
RA5                               00000005
RA6                               00000006
RA7                               00000007
RB0                               00000000
RB1                               00000001
RB2                               00000002
RB3                               00000003
RB4                               00000004
MPASM  5.50                           LCD.ASM   5-7-2021  9:25:07         PAGE 10


SYMBOL TABLE
  LABEL                             VALUE 

RB5                               00000005
RB6                               00000006
RB7                               00000007
RBIE                              00000003
RBIF                              00000000
RC0                               00000000
RC1                               00000001
RC2                               00000002
RC3                               00000003
RC4                               00000004
RC5                               00000005
RC6                               00000006
RC7                               00000007
RC8_9                             00000006
RC9                               00000006
RCD8                              00000000
RCEN                              00000003
RCIDL                             00000006
RCIE                              00000005
RCIF                              00000005
RCREG                             0000001A
RCSTA                             00000018
RD                                00000000
RD0                               00000000
RD1                               00000001
RD2                               00000002
RD3                               00000003
RD4                               00000004
RD5                               00000005
RD6                               00000006
RD7                               00000007
RE0                               00000000
RE1                               00000001
RE2                               00000002
RE3                               00000003
READ_WRITE                        00000002
REINICIAR                         0000000F
RETARDO                           00000045
RETARDOP                          00000053
RP0                               00000005
RP1                               00000006
RS                                PORTA, 0
RSEN                              00000001
RX9                               00000006
RX9D                              00000000
R_NOT_W                           00000002
R_W                               00000002
S                                 00000003
SBOREN                            00000004
SCKP                              00000004
SCS                               00000000
SEN                               00000000
SENDB                             00000003
MPASM  5.50                           LCD.ASM   5-7-2021  9:25:07         PAGE 11


SYMBOL TABLE
  LABEL                             VALUE 

SMP                               00000007
SPBRG                             00000099
SPBRGH                            0000009A
SPEN                              00000007
SR0                               00000006
SR1                               00000007
SRCON                             00000185
SREN                              00000005
SSPADD                            00000093
SSPBUF                            00000013
SSPCON                            00000014
SSPCON2                           00000091
SSPEN                             00000005
SSPIE                             00000003
SSPIF                             00000003
SSPM0                             00000000
SSPM1                             00000001
SSPM2                             00000002
SSPM3                             00000003
SSPMSK                            00000093
SSPOV                             00000006
SSPSTAT                           00000094
STATUS                            00000003
STRA                              00000000
STRB                              00000001
STRC                              00000002
STRD                              00000003
STRSYNC                           00000004
SWDTEN                            00000000
SYNC                              00000004
T0CS                              00000005
T0IE                              00000005
T0IF                              00000002
T0SE                              00000004
T1CKPS0                           00000004
T1CKPS1                           00000005
T1CON                             00000010
T1GINV                            00000007
T1GIV                             00000007
T1GSS                             00000001
T1INSYNC                          00000002
T1OSCEN                           00000003
T1SYNC                            00000002
T2CKPS0                           00000000
T2CKPS1                           00000001
T2CON                             00000012
TABLA                             0000001D
TMR0                              00000001
TMR0IE                            00000005
TMR0IF                            00000002
TMR1                              0000000E
TMR1CS                            00000001
TMR1GE                            00000006
MPASM  5.50                           LCD.ASM   5-7-2021  9:25:07         PAGE 12


SYMBOL TABLE
  LABEL                             VALUE 

TMR1H                             0000000F
TMR1IE                            00000000
TMR1IF                            00000000
TMR1L                             0000000E
TMR1ON                            00000000
TMR2                              00000011
TMR2IE                            00000001
TMR2IF                            00000001
TMR2ON                            00000002
TOUTPS0                           00000003
TOUTPS1                           00000004
TOUTPS2                           00000005
TOUTPS3                           00000006
TRISA                             00000085
TRISA0                            00000000
TRISA1                            00000001
TRISA2                            00000002
TRISA3                            00000003
TRISA4                            00000004
TRISA5                            00000005
TRISA6                            00000006
TRISA7                            00000007
TRISB                             00000086
TRISB0                            00000000
TRISB1                            00000001
TRISB2                            00000002
TRISB3                            00000003
TRISB4                            00000004
TRISB5                            00000005
TRISB6                            00000006
TRISB7                            00000007
TRISC                             00000087
TRISC0                            00000000
TRISC1                            00000001
TRISC2                            00000002
TRISC3                            00000003
TRISC4                            00000004
TRISC5                            00000005
TRISC6                            00000006
TRISC7                            00000007
TRISD                             00000088
TRISD0                            00000000
TRISD1                            00000001
TRISD2                            00000002
TRISD3                            00000003
TRISD4                            00000004
TRISD5                            00000005
TRISD6                            00000006
TRISD7                            00000007
TRISE                             00000089
TRISE0                            00000000
TRISE1                            00000001
TRISE2                            00000002
MPASM  5.50                           LCD.ASM   5-7-2021  9:25:07         PAGE 13


SYMBOL TABLE
  LABEL                             VALUE 

TRISE3                            00000003
TRMT                              00000001
TUN0                              00000000
TUN1                              00000001
TUN2                              00000002
TUN3                              00000003
TUN4                              00000004
TX8_9                             00000006
TX9                               00000006
TX9D                              00000000
TXD8                              00000000
TXEN                              00000005
TXIE                              00000004
TXIF                              00000004
TXREG                             00000019
TXSTA                             00000098
UA                                00000001
ULPWUE                            00000005
ULPWUIE                           00000002
ULPWUIF                           00000002
VCFG0                             00000004
VCFG1                             00000005
VISUALIZAR_LCD                    00000010
VR0                               00000000
VR1                               00000001
VR2                               00000002
VR3                               00000003
VRCON                             00000097
VREN                              00000007
VROE                              00000006
VRR                               00000005
VRSS                              00000004
W                                 00000000
WCOL                              00000007
WDTCON                            00000105
WDTPS0                            00000001
WDTPS1                            00000002
WDTPS2                            00000003
WDTPS3                            00000004
WPUB                              00000095
WPUB0                             00000000
WPUB1                             00000001
WPUB2                             00000002
WPUB3                             00000003
WPUB4                             00000004
WPUB5                             00000005
WPUB6                             00000006
WPUB7                             00000007
WR                                00000001
WREN                              00000002
WRERR                             00000003
WUE                               00000001
Z                                 00000002
MPASM  5.50                           LCD.ASM   5-7-2021  9:25:07         PAGE 14


SYMBOL TABLE
  LABEL                             VALUE 

_BOR21V                           00003EFF
_BOR40V                           00003FFF
_BOR4V_BOR21V                     00003EFF
_BOR4V_BOR40V                     00003FFF
_BOREN_NSLEEP                     00003EFF
_BOREN_OFF                        00003CFF
_BOREN_ON                         00003FFF
_BOREN_SBODEN                     00003DFF
_BOR_NSLEEP                       00003EFF
_BOR_OFF                          00003CFF
_BOR_ON                           00003FFF
_BOR_SBODEN                       00003DFF
_CONFIG1                          00002007
_CONFIG2                          00002008
_CPD_OFF                          00003FFF
_CPD_ON                           00003F7F
_CP_OFF                           00003FFF
_CP_ON                            00003FBF
_DEBUG_OFF                        00003FFF
_DEBUG_ON                         00001FFF
_DEVID1                           00002006
_EC_OSC                           00003FFB
_EXTRC                            00003FFF
_EXTRCIO                          00003FFE
_EXTRC_OSC_CLKOUT                 00003FFF
_EXTRC_OSC_NOCLKOUT               00003FFE
_FCMEN_OFF                        000037FF
_FCMEN_ON                         00003FFF
_FOSC_EC                          00003FFB
_FOSC_EXTRC_CLKOUT                00003FFF
_FOSC_EXTRC_NOCLKOUT              00003FFE
_FOSC_HS                          00003FFA
_FOSC_INTRC_CLKOUT                00003FFD
_FOSC_INTRC_NOCLKOUT              00003FFC
_FOSC_LP                          00003FF8
_FOSC_XT                          00003FF9
_HS_OSC                           00003FFA
_IDLOC0                           00002000
_IDLOC1                           00002001
_IDLOC2                           00002002
_IDLOC3                           00002003
_IESO_OFF                         00003BFF
_IESO_ON                          00003FFF
_INTOSC                           00003FFD
_INTOSCIO                         00003FFC
_INTRC_OSC_CLKOUT                 00003FFD
_INTRC_OSC_NOCLKOUT               00003FFC
_LP_OSC                           00003FF8
_LVP_OFF                          00002FFF
_LVP_ON                           00003FFF
_MCLRE_OFF                        00003FDF
_MCLRE_ON                         00003FFF
_PWRTE_OFF                        00003FFF
MPASM  5.50                           LCD.ASM   5-7-2021  9:25:07         PAGE 15


SYMBOL TABLE
  LABEL                             VALUE 

_PWRTE_ON                         00003FEF
_WDTE_OFF                         00003FF7
_WDTE_ON                          00003FFF
_WDT_OFF                          00003FF7
_WDT_ON                           00003FFF
_WRT_1FOURTH                      00003BFF
_WRT_256                          00003DFF
_WRT_HALF                         000039FF
_WRT_OFF                          00003FFF
_XT_OSC                           00003FF9
__16F887                          00000001
__DEBUG                           1
loop                              0000004B
loop2                             00000057


MEMORY USAGE MAP ('X' = Used,  '-' = Unused)

0000 : XXXXXXXXXXXXXXXX XXXXXXXXXXXXXXXX XXXXXXXXXXXXXXXX XXXXXXXXXXXXXXXX
0040 : XXXXXXXXXXXXXXXX XXXXXXXXXXXX---- ---------------- ----------------
2000 : -------XX------- ---------------- ---------------- ----------------

All other memory blocks unused.

Program Memory Words Used:    92
Program Memory Words Free:  8100


Errors   :     1
Warnings :     3 reported,     0 suppressed
Messages :     2 reported,     0 suppressed

