Warning[205] C:\USERS\GUSTA\ONEDRIVE\ESCRITORIO\PROYECTOS_MPLAB\CRONOMETRO\CRONOMETRO.ASM 19 : Found directive in column 1. (CBLOCK)
Warning[205] C:\USERS\GUSTA\ONEDRIVE\ESCRITORIO\PROYECTOS_MPLAB\CRONOMETRO\CRONOMETRO.ASM 23 : Found directive in column 1. (ENDC)
Warning[207] C:\USERS\GUSTA\ONEDRIVE\ESCRITORIO\PROYECTOS_MPLAB\CRONOMETRO\CRONOMETRO.ASM 32 : Found label after column 1. (CONFIGURAR)
Message[302] C:\USERS\GUSTA\ONEDRIVE\ESCRITORIO\PROYECTOS_MPLAB\CRONOMETRO\CRONOMETRO.ASM 36 : Register in operand not in bank 0.  Ensure that bank bits are correct.
Message[302] C:\USERS\GUSTA\ONEDRIVE\ESCRITORIO\PROYECTOS_MPLAB\CRONOMETRO\CRONOMETRO.ASM 38 : Register in operand not in bank 0.  Ensure that bank bits are correct.
Warning[207] C:\USERS\GUSTA\ONEDRIVE\ESCRITORIO\PROYECTOS_MPLAB\CRONOMETRO\CRONOMETRO.ASM 44 : Found label after column 1. (CONFI_TMR0)
Warning[207] C:\USERS\GUSTA\ONEDRIVE\ESCRITORIO\PROYECTOS_MPLAB\CRONOMETRO\CRONOMETRO.ASM 47 : Found label after column 1. (INTCON)
Error[115]   C:\USERS\GUSTA\ONEDRIVE\ESCRITORIO\PROYECTOS_MPLAB\CRONOMETRO\CRONOMETRO.ASM 47 : Duplicate label ("INTCON" or redefining symbol that cannot be redefined)
Warning[207] C:\USERS\GUSTA\ONEDRIVE\ESCRITORIO\PROYECTOS_MPLAB\CRONOMETRO\CRONOMETRO.ASM 52 : Found label after column 1. (OPTION_REG)
Error[115]   C:\USERS\GUSTA\ONEDRIVE\ESCRITORIO\PROYECTOS_MPLAB\CRONOMETRO\CRONOMETRO.ASM 52 : Duplicate label ("OPTION_REG" or redefining symbol that cannot be redefined)
Message[302] C:\USERS\GUSTA\ONEDRIVE\ESCRITORIO\PROYECTOS_MPLAB\CRONOMETRO\CRONOMETRO.ASM 53 : Register in operand not in bank 0.  Ensure that bank bits are correct.
Warning[207] C:\USERS\GUSTA\ONEDRIVE\ESCRITORIO\PROYECTOS_MPLAB\CRONOMETRO\CRONOMETRO.ASM 58 : Found label after column 1. (INICIO)
Error[113]   C:\USERS\GUSTA\ONEDRIVE\ESCRITORIO\PROYECTOS_MPLAB\CRONOMETRO\CRONOMETRO.ASM 60 : Symbol not previously defined (UNIDAD)
Error[113]   C:\USERS\GUSTA\ONEDRIVE\ESCRITORIO\PROYECTOS_MPLAB\CRONOMETRO\CRONOMETRO.ASM 62 : Symbol not previously defined (DECENA)
Error[113]   C:\USERS\GUSTA\ONEDRIVE\ESCRITORIO\PROYECTOS_MPLAB\CRONOMETRO\CRONOMETRO.ASM 64 : Symbol not previously defined (CENTENA)
Error[113]   C:\USERS\GUSTA\ONEDRIVE\ESCRITORIO\PROYECTOS_MPLAB\CRONOMETRO\CRONOMETRO.ASM 66 : Symbol not previously defined (MILLAR)
Warning[207] C:\USERS\GUSTA\ONEDRIVE\ESCRITORIO\PROYECTOS_MPLAB\CRONOMETRO\CRONOMETRO.ASM 68 : Found label after column 1. (UNI)
Error[113]   C:\USERS\GUSTA\ONEDRIVE\ESCRITORIO\PROYECTOS_MPLAB\CRONOMETRO\CRONOMETRO.ASM 70 : Symbol not previously defined (UNIDAD)
Error[113]   C:\USERS\GUSTA\ONEDRIVE\ESCRITORIO\PROYECTOS_MPLAB\CRONOMETRO\CRONOMETRO.ASM 71 : Symbol not previously defined (UNIDAD)
Warning[207] C:\USERS\GUSTA\ONEDRIVE\ESCRITORIO\PROYECTOS_MPLAB\CRONOMETRO\CRONOMETRO.ASM 77 : Found label after column 1. (DECE)
Error[113]   C:\USERS\GUSTA\ONEDRIVE\ESCRITORIO\PROYECTOS_MPLAB\CRONOMETRO\CRONOMETRO.ASM 78 : Symbol not previously defined (UNIDAD)
Error[113]   C:\USERS\GUSTA\ONEDRIVE\ESCRITORIO\PROYECTOS_MPLAB\CRONOMETRO\CRONOMETRO.ASM 79 : Symbol not previously defined (DECENA)
Error[113]   C:\USERS\GUSTA\ONEDRIVE\ESCRITORIO\PROYECTOS_MPLAB\CRONOMETRO\CRONOMETRO.ASM 80 : Symbol not previously defined (DECENA)
Warning[207] C:\USERS\GUSTA\ONEDRIVE\ESCRITORIO\PROYECTOS_MPLAB\CRONOMETRO\CRONOMETRO.ASM 86 : Found label after column 1. (CENTE)
Error[113]   C:\USERS\GUSTA\ONEDRIVE\ESCRITORIO\PROYECTOS_MPLAB\CRONOMETRO\CRONOMETRO.ASM 87 : Symbol not previously defined (UNIDAD)
Error[113]   C:\USERS\GUSTA\ONEDRIVE\ESCRITORIO\PROYECTOS_MPLAB\CRONOMETRO\CRONOMETRO.ASM 88 : Symbol not previously defined (DECENA)
Error[113]   C:\USERS\GUSTA\ONEDRIVE\ESCRITORIO\PROYECTOS_MPLAB\CRONOMETRO\CRONOMETRO.ASM 89 : Symbol not previously defined (CENTENA)
Error[113]   C:\USERS\GUSTA\ONEDRIVE\ESCRITORIO\PROYECTOS_MPLAB\CRONOMETRO\CRONOMETRO.ASM 90 : Symbol not previously defined (CENTENA)
Warning[207] C:\USERS\GUSTA\ONEDRIVE\ESCRITORIO\PROYECTOS_MPLAB\CRONOMETRO\CRONOMETRO.ASM 96 : Found label after column 1. (MILL)
Error[113]   C:\USERS\GUSTA\ONEDRIVE\ESCRITORIO\PROYECTOS_MPLAB\CRONOMETRO\CRONOMETRO.ASM 97 : Symbol not previously defined (UNIDAD)
Error[113]   C:\USERS\GUSTA\ONEDRIVE\ESCRITORIO\PROYECTOS_MPLAB\CRONOMETRO\CRONOMETRO.ASM 98 : Symbol not previously defined (DECENA)
Error[113]   C:\USERS\GUSTA\ONEDRIVE\ESCRITORIO\PROYECTOS_MPLAB\CRONOMETRO\CRONOMETRO.ASM 99 : Symbol not previously defined (CENTENA)
Error[113]   C:\USERS\GUSTA\ONEDRIVE\ESCRITORIO\PROYECTOS_MPLAB\CRONOMETRO\CRONOMETRO.ASM 100 : Symbol not previously defined (MILLAR)
Error[113]   C:\USERS\GUSTA\ONEDRIVE\ESCRITORIO\PROYECTOS_MPLAB\CRONOMETRO\CRONOMETRO.ASM 101 : Symbol not previously defined (MILLAR)
Warning[207] C:\USERS\GUSTA\ONEDRIVE\ESCRITORIO\PROYECTOS_MPLAB\CRONOMETRO\CRONOMETRO.ASM 109 : Found label after column 1. (INTERRUPCION)
Warning[207] C:\USERS\GUSTA\ONEDRIVE\ESCRITORIO\PROYECTOS_MPLAB\CRONOMETRO\CRONOMETRO.ASM 121 : Found label after column 1. (CICLO)
Message[305] C:\USERS\GUSTA\ONEDRIVE\ESCRITORIO\PROYECTOS_MPLAB\CRONOMETRO\CRONOMETRO.ASM 131 : Using default destination of 1 (file).
Warning[202] C:\USERS\GUSTA\ONEDRIVE\ESCRITORIO\PROYECTOS_MPLAB\CRONOMETRO\CRONOMETRO.ASM 134 : Argument out of range.  Least significant bits used.
Warning[207] C:\USERS\GUSTA\ONEDRIVE\ESCRITORIO\PROYECTOS_MPLAB\CRONOMETRO\CRONOMETRO.ASM 139 : Found label after column 1. (TABLA)
Warning[207] C:\USERS\GUSTA\ONEDRIVE\ESCRITORIO\PROYECTOS_MPLAB\CRONOMETRO\CRONOMETRO.ASM 152 : Found label after column 1. (RETARDO)
Warning[207] C:\USERS\GUSTA\ONEDRIVE\ESCRITORIO\PROYECTOS_MPLAB\CRONOMETRO\CRONOMETRO.ASM 155 : Found label after column 1. (LOOP1)
Warning[207] C:\USERS\GUSTA\ONEDRIVE\ESCRITORIO\PROYECTOS_MPLAB\CRONOMETRO\CRONOMETRO.ASM 158 : Found label after column 1. (LOOP2)
Warning[207] C:\USERS\GUSTA\ONEDRIVE\ESCRITORIO\PROYECTOS_MPLAB\CRONOMETRO\CRONOMETRO.ASM 161 : Found label after column 1. (LOOP3)
