MPASM  5.50                    SECUENCIAS.ASM   3-24-2021  18:08:16         PAGE  1


LOC  OBJECT CODE     LINE SOURCE TEXT
  VALUE

Warning[205]: Found directive in column 1. (list)
                      00001 list            p=16f887        ; list directive to define processor
                      00002 #include        <p16f887.inc>   ; processor specific variable definitions
                      00001         LIST
                      00002 
                      00003 ;==========================================================================
                      00004 ;  MPASM PIC16F887 processor include
                      00005 ; 
                      00006 ;  (c) Copyright 1999-2013 Microchip Technology, All rights reserved
                      00007 ;==========================================================================
                      00008 
                      00809         LIST
                      00003 
                      00004 
2007   28E4           00005         __CONFIG    _CONFIG1, _LVP_OFF & _FCMEN_ON & _IESO_OFF & _BOR_OFF & _CPD_OFF & _CP_OFF & _MCLRE_
                            ON & _PWRTE_ON & _WDT_OFF & _INTRC_OSC_NOCLKOUT
2008   3EFF           00006         __CONFIG    _CONFIG2, _WRT_OFF & _BOR21V
                      00007 
Warning[205]: Found directive in column 1. (CBLOCK)
                      00008 CBLOCK 0X20
  00000020            00009         CounterA, CounterB, CounterC, Aux, Contador
Warning[205]: Found directive in column 1. (ENDC)
                      00010 ENDC
                      00011 
Warning[205]: Found directive in column 1. (ORG)
0000                  00012 ORG 0x000 ; posición 0
0000   118A           00013         BCF                     PCLATH,3
0001   120A           00014         BCF                     PCLATH,4
0002   2806           00015         GOTO            PUERTOS
0004                  00016         ORG 0X0004
0004   0009           00017         RETFIE
                      00018 
                      00019 
Warning[203]: Found opcode in column 1. (GOTO)
0005   2806           00020 GOTO PUERTOS ; Comienzo del programa
                      00021 
0006                  00022 PUERTOS:
                      00023 ; SE ACCEDE AL BANCO 1 PARA USAR LOS TRIS
0006   1683           00024         BSF                     STATUS, RP0 
                      00025 ; SE CONFIGURAN LOS PUERTOS DE ENTRADAS Y SALIDAS
0007   30FF           00026         MOVLW           0XFF                                    ;W = 11111111
Message[302]: Register in operand not in bank 0.  Ensure that bank bits are correct.
0008   0085           00027         MOVWF           TRISA                           ;PUERTO A COMO ENTRADA
0009   3000           00028         MOVLW           0X00                            ;W=00000000
Message[302]: Register in operand not in bank 0.  Ensure that bank bits are correct.
000A   0086           00029         MOVWF           TRISB                           ;PUERTO B COMO SALIDA
                      00030 
                      00031 ;SE ACCEDE AL BANCO 3 PARA LOS ANSEL, ANSELH
000B   1703           00032         BSF                     STATUS, RP1
                      00033 ;SE LIMPIAN (coloca 0's)LOS REGISTROS ANSEL, ANSELH PARA E/S DIGITAL
Message[302]: Register in operand not in bank 0.  Ensure that bank bits are correct.
000C   0188           00034         CLRF            ANSEL
Message[302]: Register in operand not in bank 0.  Ensure that bank bits are correct.
MPASM  5.50                    SECUENCIAS.ASM   3-24-2021  18:08:16         PAGE  2


LOC  OBJECT CODE     LINE SOURCE TEXT
  VALUE

000D   0189           00035         CLRF            ANSELH
                      00036 
                      00037 ;SE ACCEDE AL BANCO 0 PARA LOS PUERTOS
000E   1303           00038         BCF                     STATUS, RP1
000F   1283           00039         BCF                     STATUS, RP0
                      00040 ;SE COLOCA EN CEROS LOS PUERTOS
0010   0186           00041         CLRF            PORTB
0011   0185           00042         CLRF            PORTA
                      00043 
0012                  00044 INICIO:
0012   1805           00045         BTFSC           PORTA,0                 ;Está en 0
0013   2818           00046         GOTO            TEST_2          ;NO
0014   2815           00047         GOTO            TEST_1          ;SI
                      00048         
                      00049 
0015                  00050 TEST_1:
0015   1885           00051         BTFSC           PORTA,1         ;Está en 0
0016   2849           00052         GOTO            SEC2            ;NO
0017   281B           00053         GOTO            SEC0            ;SI
                      00054 
0018                  00055 TEST_2:
0018   1885           00056         BTFSC           PORTA,1         ;Está en 0
0019   285A           00057         GOTO            SEC3            ;NO
001A   283B           00058         GOTO            SEC1            ;SI     
                      00059 ; ------------------------------------------------SEC 0-------------------------------------
001B                  00060 SEC0:
001B   1003           00061         BCF                     STATUS, C
001C   3001           00062         MOVLW           b'00000001'             ;ENCENDER EL BIT 0
001D   0086           00063         MOVWF           PORTB
001E   206E           00064         CALL            RETARDO_400ms
                      00065 
001F                  00066 CARGAR_DATOS_IZQ:
001F   1F86           00067         BTFSS           PORTB, 7                        ;EL BIT 7 DEL PUERTO B ESTÁ EN ¿1?
0020   2825           00068         GOTO            CERO                    ;SINO ESTÁ EN 1 
0021   282B           00069         GOTO            UNO                             ;ESTÁ EN 1
                      00070 
0022                  00071 CARGAR_DATOS_DER:
0022   1C86           00072         BTFSS           PORTB, 1                        ;EL BIT 1  DEL PUERTO B ESTÁ EN ¿1?
0023   2831           00073         GOTO            CERO_D                  ;SINO ESTÁ EN 1 
0024   2837           00074         GOTO            FINAL                   ;ESTÁ EN 1
                      00075 
0025                  00076 CERO:
0025   0D06           00077         RLF                     PORTB, 0
0026   0086           00078         MOVWF           PORTB
0027   206E           00079         CALL            RETARDO_400ms
0028   3000           00080         MOVLW 0x00
0029   008A           00081         MOVWF PCLATH
002A   281F           00082         GOTO            CARGAR_DATOS_IZQ
002B                  00083 UNO:
002B   0C06           00084         RRF                     PORTB, 0 
002C   0086           00085         MOVWF           PORTB
002D   206E           00086         CALL            RETARDO_400ms
002E   3000           00087         MOVLW 0x00
MPASM  5.50                    SECUENCIAS.ASM   3-24-2021  18:08:16         PAGE  3


LOC  OBJECT CODE     LINE SOURCE TEXT
  VALUE

002F   008A           00088         MOVWF PCLATH
0030   2822           00089         GOTO            CARGAR_DATOS_DER
                      00090 
0031                  00091 CERO_D:
0031   0C06           00092         RRF                     PORTB, 0
0032   0086           00093         MOVWF           PORTB
0033   206E           00094         CALL            RETARDO_400ms
0034   3000           00095         MOVLW 0x00
0035   008A           00096         MOVWF PCLATH
0036   2822           00097         GOTO            CARGAR_DATOS_DER
                      00098 
0037                  00099 FINAL:
0037   1003           00100         BCF                     STATUS, C
0038   3001           00101         MOVLW           b'00000001'                     ;ENCENDER EL BIT 0
0039   0086           00102         MOVWF           PORTB
003A   2812           00103         GOTO            INICIO
                      00104 
                      00105 ; ------------------------------------------------SEC 1-------------------------------------
003B                  00106 SEC1:
003B   1003           00107         BCF                     STATUS, C
003C   3001           00108         MOVLW           b'00000001'             ;ENCENDER EL BIT 0
003D   0086           00109         MOVWF           PORTB
003E   206E           00110         CALL            RETARDO_400ms
                      00111 
003F                  00112 CARGAR_DATOS_IZQ_SEC1:
003F   1F86           00113         BTFSS           PORTB, 7                        ;EL BIT 7 DEL PUERTO B ESTÁ EN ¿1?
0040   2842           00114         GOTO            CERO_SEC1               ;SINO ESTÁ EN 1 
0041   2848           00115         GOTO            UNO_SEC1                ;ESTÁ EN 1
                      00116 
0042                  00117 CERO_SEC1:
0042   0D06           00118         RLF                     PORTB, 0
0043   0086           00119         MOVWF           PORTB
0044   206E           00120         CALL            RETARDO_400ms
0045   3000           00121         MOVLW 0x00
0046   008A           00122         MOVWF PCLATH
0047   283F           00123         GOTO            CARGAR_DATOS_IZQ_SEC1   
                      00124 
0048                  00125 UNO_SEC1:
0048   2812           00126         GOTO INICIO
                      00127 ; ------------------------------------------------SEC 2-------------------------------------
0049                  00128 SEC2:
0049   1003           00129         BCF                     STATUS, C
004A   3080           00130         MOVLW           b'10000000'                     ;ENCENDER EL BIT 7
004B   0086           00131         MOVWF           PORTB
004C   206E           00132         CALL            RETARDO_400ms
                      00133 
004D                  00134 CARGAR_DATOS_DER_SEC2:
004D   1C06           00135         BTFSS           PORTB, 0                                ;EL BIT 0  DEL PUERTO B ESTÁ EN ¿1?
004E   2850           00136         GOTO            CERO_D_SEC2                     ;SINO ESTÁ EN 1 
004F   2856           00137         GOTO            UNO_D_SEC2                      ;ESTÁ EN 1
                      00138 
0050                  00139 CERO_D_SEC2:
0050   0C06           00140         RRF                     PORTB, 0
MPASM  5.50                    SECUENCIAS.ASM   3-24-2021  18:08:16         PAGE  4


LOC  OBJECT CODE     LINE SOURCE TEXT
  VALUE

0051   0086           00141         MOVWF           PORTB
0052   206E           00142         CALL            RETARDO_400ms
0053   3000           00143         MOVLW           0x00
0054   008A           00144         MOVWF           PCLATH
0055   284D           00145         GOTO            CARGAR_DATOS_DER_SEC2
                      00146 
0056                  00147 UNO_D_SEC2:
0056   1003           00148         BCF                     STATUS, C
0057   3001           00149         MOVLW           b'00000001'                     ;ENCENDER EL BIT 0
0058   0086           00150         MOVWF           PORTB
0059   2812           00151         GOTO            INICIO
                      00152 
                      00153 ; ------------------------------------------------SEC 3-------------------------------------
005A                  00154 SEC3:
005A   01A4           00155         CLRF                    Contador
                      00156         
                      00157 
005B                  00158 PRIN_SEC3
005B   0824           00159         MOVF            Contador, W
005C   2067           00160         CALL            TABLA
005D   0086           00161         MOVWF           PORTB
005E   206E           00162         CALL            RETARDO_400ms
005F   3000           00163         MOVLW            0x00
0060   008A           00164         MOVWF           PCLATH
0061   0AA4           00165         INCF                    Contador, F     
                      00166 
0062   3006           00167         MOVLW           .6
0063   0624           00168         XORWF           Contador,W
0064   1D03           00169         BTFSS           STATUS, Z       ; Si Z = 1
0065   285B           00170         GOTO            PRIN_SEC3
0066   2812           00171         GOTO            INICIO
                      00172         
0067                  00173 TABLA:
0067   0782           00174         ADDWF           PCL, F
0068   3481           00175         RETLW           b'10000001'
0069   3442           00176         RETLW           b'01000010'
006A   3424           00177         RETLW           b'00100100'
006B   3418           00178         RETLW           b'00011000'
006C   3424           00179         RETLW           b'00100100'
006D   3442           00180         RETLW           b'01000010'
                      00181 
006E                  00182 RETARDO_400ms:
006E   3003           00183                 movlw   D'3'
006F   00A2           00184                 movwf   CounterC
0070   3008           00185                 movlw   D'8'
0071   00A1           00186                 movwf   CounterB
0072   3076           00187                 movlw   D'118'
0073   00A0           00188                 movwf   CounterA
0074   0BA0           00189 loop            decfsz  CounterA,1
0075   2874           00190                 goto    loop
0076   0BA1           00191                 decfsz  CounterB,1
0077   2874           00192                 goto    loop
0078   0BA2           00193                 decfsz  CounterC,1
MPASM  5.50                    SECUENCIAS.ASM   3-24-2021  18:08:16         PAGE  5


LOC  OBJECT CODE     LINE SOURCE TEXT
  VALUE

0079   2874           00194                 goto    loop
007A   3400           00195                 retlw   0
007B   0008           00196                 RETURN
                      00197 
                      00198 
                      00199         END                      
MPASM  5.50                    SECUENCIAS.ASM   3-24-2021  18:08:16         PAGE  6


SYMBOL TABLE
  LABEL                             VALUE 

ABDEN                             00000000
ABDOVF                            00000007
ACKDT                             00000005
ACKEN                             00000004
ACKSTAT                           00000006
ADCON0                            0000001F
ADCON1                            0000009F
ADCS0                             00000006
ADCS1                             00000007
ADDEN                             00000003
ADFM                              00000007
ADIE                              00000006
ADIF                              00000006
ADON                              00000000
ADRESH                            0000001E
ADRESL                            0000009E
ANS0                              00000000
ANS1                              00000001
ANS10                             00000002
ANS11                             00000003
ANS12                             00000004
ANS13                             00000005
ANS2                              00000002
ANS3                              00000003
ANS4                              00000004
ANS5                              00000005
ANS6                              00000006
ANS7                              00000007
ANS8                              00000000
ANS9                              00000001
ANSEL                             00000188
ANSELH                            00000189
Aux                               00000023
BAUDCTL                           00000187
BCLIE                             00000003
BCLIF                             00000003
BF                                00000000
BRG0                              00000000
BRG1                              00000001
BRG10                             00000002
BRG11                             00000003
BRG12                             00000004
BRG13                             00000005
BRG14                             00000006
BRG15                             00000007
BRG16                             00000003
BRG2                              00000002
BRG3                              00000003
BRG4                              00000004
BRG5                              00000005
BRG6                              00000006
BRG7                              00000007
BRG8                              00000000
MPASM  5.50                    SECUENCIAS.ASM   3-24-2021  18:08:16         PAGE  7


SYMBOL TABLE
  LABEL                             VALUE 

BRG9                              00000001
BRGH                              00000002
C                                 00000000
C1CH0                             00000000
C1CH1                             00000001
C1IE                              00000005
C1IF                              00000005
C1OE                              00000005
C1ON                              00000007
C1OUT                             00000006
C1POL                             00000004
C1R                               00000002
C1RSEL                            00000005
C1SEN                             00000005
C2CH0                             00000000
C2CH1                             00000001
C2IE                              00000006
C2IF                              00000006
C2OE                              00000005
C2ON                              00000007
C2OUT                             00000006
C2POL                             00000004
C2R                               00000002
C2REN                             00000004
C2RSEL                            00000004
C2SYNC                            00000000
CARGAR_DATOS_DER                  00000022
CARGAR_DATOS_DER_SEC2             0000004D
CARGAR_DATOS_IZQ                  0000001F
CARGAR_DATOS_IZQ_SEC1             0000003F
CCP1CON                           00000017
CCP1IE                            00000002
CCP1IF                            00000002
CCP1M0                            00000000
CCP1M1                            00000001
CCP1M2                            00000002
CCP1M3                            00000003
CCP1X                             00000005
CCP1Y                             00000004
CCP2CON                           0000001D
CCP2IE                            00000000
CCP2IF                            00000000
CCP2M0                            00000000
CCP2M1                            00000001
CCP2M2                            00000002
CCP2M3                            00000003
CCP2X                             00000005
CCP2Y                             00000004
CCPR1                             00000015
CCPR1H                            00000016
CCPR1L                            00000015
CCPR2                             0000001B
CCPR2H                            0000001C
MPASM  5.50                    SECUENCIAS.ASM   3-24-2021  18:08:16         PAGE  8


SYMBOL TABLE
  LABEL                             VALUE 

CCPR2L                            0000001B
CERO                              00000025
CERO_D                            00000031
CERO_D_SEC2                       00000050
CERO_SEC1                         00000042
CHS0                              00000002
CHS1                              00000003
CHS2                              00000004
CHS3                              00000005
CKE                               00000006
CKP                               00000004
CM1CON0                           00000107
CM2CON0                           00000108
CM2CON1                           00000109
CREN                              00000004
CSRC                              00000007
Contador                          00000024
CounterA                          00000020
CounterB                          00000021
CounterC                          00000022
D                                 00000005
DATA_ADDRESS                      00000005
DC                                00000001
DC1B0                             00000004
DC1B1                             00000005
DC2B0                             00000004
DC2B1                             00000005
D_A                               00000005
D_NOT_A                           00000005
ECCPAS                            0000009C
ECCPAS0                           00000004
ECCPAS1                           00000005
ECCPAS2                           00000006
ECCPASE                           00000007
EEADR                             0000010D
EEADRH                            0000010F
EECON1                            0000018C
EECON2                            0000018D
EEDAT                             0000010C
EEDATA                            0000010C
EEDATH                            0000010E
EEIE                              00000004
EEIF                              00000004
EEPGD                             00000007
F                                 00000001
FERR                              00000002
FINAL                             00000037
FSR                               00000004
FVREN                             00000000
GCEN                              00000007
GIE                               00000007
GO                                00000001
GO_DONE                           00000001
MPASM  5.50                    SECUENCIAS.ASM   3-24-2021  18:08:16         PAGE  9


SYMBOL TABLE
  LABEL                             VALUE 

GO_NOT_DONE                       00000001
HTS                               00000002
I2C_DATA                          00000005
I2C_READ                          00000002
I2C_START                         00000003
I2C_STOP                          00000004
INDF                              00000000
INICIO                            00000012
INTCON                            0000000B
INTE                              00000004
INTEDG                            00000006
INTF                              00000001
IOCB                              00000096
IOCB0                             00000000
IOCB1                             00000001
IOCB2                             00000002
IOCB3                             00000003
IOCB4                             00000004
IOCB5                             00000005
IOCB6                             00000006
IOCB7                             00000007
IRCF0                             00000004
IRCF1                             00000005
IRCF2                             00000006
IRP                               00000007
LTS                               00000001
MC1OUT                            00000007
MC2OUT                            00000006
MSK                               00000093
MSK0                              00000000
MSK1                              00000001
MSK2                              00000002
MSK3                              00000003
MSK4                              00000004
MSK5                              00000005
MSK6                              00000006
MSK7                              00000007
NOT_A                             00000005
NOT_ADDRESS                       00000005
NOT_BO                            00000000
NOT_BOR                           00000000
NOT_DONE                          00000001
NOT_PD                            00000003
NOT_POR                           00000001
NOT_RBPU                          00000007
NOT_RC8                           00000006
NOT_T1SYNC                        00000002
NOT_TO                            00000004
NOT_TX8                           00000006
NOT_W                             00000002
NOT_WRITE                         00000002
OERR                              00000001
OPTION_REG                        00000081
MPASM  5.50                    SECUENCIAS.ASM   3-24-2021  18:08:16         PAGE 10


SYMBOL TABLE
  LABEL                             VALUE 

OSCCON                            0000008F
OSCTUNE                           00000090
OSFIE                             00000007
OSFIF                             00000007
OSTS                              00000003
P                                 00000004
P1M0                              00000006
P1M1                              00000007
PCL                               00000002
PCLATH                            0000000A
PCON                              0000008E
PDC0                              00000000
PDC1                              00000001
PDC2                              00000002
PDC3                              00000003
PDC4                              00000004
PDC5                              00000005
PDC6                              00000006
PEIE                              00000006
PEN                               00000002
PIE1                              0000008C
PIE2                              0000008D
PIR1                              0000000C
PIR2                              0000000D
PORTA                             00000005
PORTB                             00000006
PORTC                             00000007
PORTD                             00000008
PORTE                             00000009
PR2                               00000092
PRIN_SEC3                         0000005B
PRSEN                             00000007
PS0                               00000000
PS1                               00000001
PS2                               00000002
PSA                               00000003
PSSAC0                            00000002
PSSAC1                            00000003
PSSBD0                            00000000
PSSBD1                            00000001
PSTRCON                           0000009D
PUERTOS                           00000006
PULSR                             00000002
PULSS                             00000003
PWM1CON                           0000009B
R                                 00000002
RA0                               00000000
RA1                               00000001
RA2                               00000002
RA3                               00000003
RA4                               00000004
RA5                               00000005
RA6                               00000006
MPASM  5.50                    SECUENCIAS.ASM   3-24-2021  18:08:16         PAGE 11


SYMBOL TABLE
  LABEL                             VALUE 

RA7                               00000007
RB0                               00000000
RB1                               00000001
RB2                               00000002
RB3                               00000003
RB4                               00000004
RB5                               00000005
RB6                               00000006
RB7                               00000007
RBIE                              00000003
RBIF                              00000000
RC0                               00000000
RC1                               00000001
RC2                               00000002
RC3                               00000003
RC4                               00000004
RC5                               00000005
RC6                               00000006
RC7                               00000007
RC8_9                             00000006
RC9                               00000006
RCD8                              00000000
RCEN                              00000003
RCIDL                             00000006
RCIE                              00000005
RCIF                              00000005
RCREG                             0000001A
RCSTA                             00000018
RD                                00000000
RD0                               00000000
RD1                               00000001
RD2                               00000002
RD3                               00000003
RD4                               00000004
RD5                               00000005
RD6                               00000006
RD7                               00000007
RE0                               00000000
RE1                               00000001
RE2                               00000002
RE3                               00000003
READ_WRITE                        00000002
RETARDO_400ms                     0000006E
RP0                               00000005
RP1                               00000006
RSEN                              00000001
RX9                               00000006
RX9D                              00000000
R_NOT_W                           00000002
R_W                               00000002
S                                 00000003
SBOREN                            00000004
SCKP                              00000004
MPASM  5.50                    SECUENCIAS.ASM   3-24-2021  18:08:16         PAGE 12


SYMBOL TABLE
  LABEL                             VALUE 

SCS                               00000000
SEC0                              0000001B
SEC1                              0000003B
SEC2                              00000049
SEC3                              0000005A
SEN                               00000000
SENDB                             00000003
SMP                               00000007
SPBRG                             00000099
SPBRGH                            0000009A
SPEN                              00000007
SR0                               00000006
SR1                               00000007
SRCON                             00000185
SREN                              00000005
SSPADD                            00000093
SSPBUF                            00000013
SSPCON                            00000014
SSPCON2                           00000091
SSPEN                             00000005
SSPIE                             00000003
SSPIF                             00000003
SSPM0                             00000000
SSPM1                             00000001
SSPM2                             00000002
SSPM3                             00000003
SSPMSK                            00000093
SSPOV                             00000006
SSPSTAT                           00000094
STATUS                            00000003
STRA                              00000000
STRB                              00000001
STRC                              00000002
STRD                              00000003
STRSYNC                           00000004
SWDTEN                            00000000
SYNC                              00000004
T0CS                              00000005
T0IE                              00000005
T0IF                              00000002
T0SE                              00000004
T1CKPS0                           00000004
T1CKPS1                           00000005
T1CON                             00000010
T1GINV                            00000007
T1GIV                             00000007
T1GSS                             00000001
T1INSYNC                          00000002
T1OSCEN                           00000003
T1SYNC                            00000002
T2CKPS0                           00000000
T2CKPS1                           00000001
T2CON                             00000012
MPASM  5.50                    SECUENCIAS.ASM   3-24-2021  18:08:16         PAGE 13


SYMBOL TABLE
  LABEL                             VALUE 

TABLA                             00000067
TEST_1                            00000015
TEST_2                            00000018
TMR0                              00000001
TMR0IE                            00000005
TMR0IF                            00000002
TMR1                              0000000E
TMR1CS                            00000001
TMR1GE                            00000006
TMR1H                             0000000F
TMR1IE                            00000000
TMR1IF                            00000000
TMR1L                             0000000E
TMR1ON                            00000000
TMR2                              00000011
TMR2IE                            00000001
TMR2IF                            00000001
TMR2ON                            00000002
TOUTPS0                           00000003
TOUTPS1                           00000004
TOUTPS2                           00000005
TOUTPS3                           00000006
TRISA                             00000085
TRISA0                            00000000
TRISA1                            00000001
TRISA2                            00000002
TRISA3                            00000003
TRISA4                            00000004
TRISA5                            00000005
TRISA6                            00000006
TRISA7                            00000007
TRISB                             00000086
TRISB0                            00000000
TRISB1                            00000001
TRISB2                            00000002
TRISB3                            00000003
TRISB4                            00000004
TRISB5                            00000005
TRISB6                            00000006
TRISB7                            00000007
TRISC                             00000087
TRISC0                            00000000
TRISC1                            00000001
TRISC2                            00000002
TRISC3                            00000003
TRISC4                            00000004
TRISC5                            00000005
TRISC6                            00000006
TRISC7                            00000007
TRISD                             00000088
TRISD0                            00000000
TRISD1                            00000001
TRISD2                            00000002
MPASM  5.50                    SECUENCIAS.ASM   3-24-2021  18:08:16         PAGE 14


SYMBOL TABLE
  LABEL                             VALUE 

TRISD3                            00000003
TRISD4                            00000004
TRISD5                            00000005
TRISD6                            00000006
TRISD7                            00000007
TRISE                             00000089
TRISE0                            00000000
TRISE1                            00000001
TRISE2                            00000002
TRISE3                            00000003
TRMT                              00000001
TUN0                              00000000
TUN1                              00000001
TUN2                              00000002
TUN3                              00000003
TUN4                              00000004
TX8_9                             00000006
TX9                               00000006
TX9D                              00000000
TXD8                              00000000
TXEN                              00000005
TXIE                              00000004
TXIF                              00000004
TXREG                             00000019
TXSTA                             00000098
UA                                00000001
ULPWUE                            00000005
ULPWUIE                           00000002
ULPWUIF                           00000002
UNO                               0000002B
UNO_D_SEC2                        00000056
UNO_SEC1                          00000048
VCFG0                             00000004
VCFG1                             00000005
VR0                               00000000
VR1                               00000001
VR2                               00000002
VR3                               00000003
VRCON                             00000097
VREN                              00000007
VROE                              00000006
VRR                               00000005
VRSS                              00000004
W                                 00000000
WCOL                              00000007
WDTCON                            00000105
WDTPS0                            00000001
WDTPS1                            00000002
WDTPS2                            00000003
WDTPS3                            00000004
WPUB                              00000095
WPUB0                             00000000
WPUB1                             00000001
MPASM  5.50                    SECUENCIAS.ASM   3-24-2021  18:08:16         PAGE 15


SYMBOL TABLE
  LABEL                             VALUE 

WPUB2                             00000002
WPUB3                             00000003
WPUB4                             00000004
WPUB5                             00000005
WPUB6                             00000006
WPUB7                             00000007
WR                                00000001
WREN                              00000002
WRERR                             00000003
WUE                               00000001
Z                                 00000002
_BOR21V                           00003EFF
_BOR40V                           00003FFF
_BOR4V_BOR21V                     00003EFF
_BOR4V_BOR40V                     00003FFF
_BOREN_NSLEEP                     00003EFF
_BOREN_OFF                        00003CFF
_BOREN_ON                         00003FFF
_BOREN_SBODEN                     00003DFF
_BOR_NSLEEP                       00003EFF
_BOR_OFF                          00003CFF
_BOR_ON                           00003FFF
_BOR_SBODEN                       00003DFF
_CONFIG1                          00002007
_CONFIG2                          00002008
_CPD_OFF                          00003FFF
_CPD_ON                           00003F7F
_CP_OFF                           00003FFF
_CP_ON                            00003FBF
_DEBUG_OFF                        00003FFF
_DEBUG_ON                         00001FFF
_DEVID1                           00002006
_EC_OSC                           00003FFB
_EXTRC                            00003FFF
_EXTRCIO                          00003FFE
_EXTRC_OSC_CLKOUT                 00003FFF
_EXTRC_OSC_NOCLKOUT               00003FFE
_FCMEN_OFF                        000037FF
_FCMEN_ON                         00003FFF
_FOSC_EC                          00003FFB
_FOSC_EXTRC_CLKOUT                00003FFF
_FOSC_EXTRC_NOCLKOUT              00003FFE
_FOSC_HS                          00003FFA
_FOSC_INTRC_CLKOUT                00003FFD
_FOSC_INTRC_NOCLKOUT              00003FFC
_FOSC_LP                          00003FF8
_FOSC_XT                          00003FF9
_HS_OSC                           00003FFA
_IDLOC0                           00002000
_IDLOC1                           00002001
_IDLOC2                           00002002
_IDLOC3                           00002003
_IESO_OFF                         00003BFF
MPASM  5.50                    SECUENCIAS.ASM   3-24-2021  18:08:16         PAGE 16


SYMBOL TABLE
  LABEL                             VALUE 

_IESO_ON                          00003FFF
_INTOSC                           00003FFD
_INTOSCIO                         00003FFC
_INTRC_OSC_CLKOUT                 00003FFD
_INTRC_OSC_NOCLKOUT               00003FFC
_LP_OSC                           00003FF8
_LVP_OFF                          00002FFF
_LVP_ON                           00003FFF
_MCLRE_OFF                        00003FDF
_MCLRE_ON                         00003FFF
_PWRTE_OFF                        00003FFF
_PWRTE_ON                         00003FEF
_WDTE_OFF                         00003FF7
_WDTE_ON                          00003FFF
_WDT_OFF                          00003FF7
_WDT_ON                           00003FFF
_WRT_1FOURTH                      00003BFF
_WRT_256                          00003DFF
_WRT_HALF                         000039FF
_WRT_OFF                          00003FFF
_XT_OSC                           00003FF9
__16F887                          00000001
__DEBUG                           1
loop                              00000074


MEMORY USAGE MAP ('X' = Used,  '-' = Unused)

0000 : XXX-XXXXXXXXXXXX XXXXXXXXXXXXXXXX XXXXXXXXXXXXXXXX XXXXXXXXXXXXXXXX
0040 : XXXXXXXXXXXXXXXX XXXXXXXXXXXXXXXX XXXXXXXXXXXXXXXX XXXXXXXXXXXX----
2000 : -------XX------- ---------------- ---------------- ----------------

All other memory blocks unused.

Program Memory Words Used:   123
Program Memory Words Free:  8069


Errors   :     0
Warnings :     5 reported,     0 suppressed
Messages :     4 reported,     0 suppressed

